ARM GAS  C:\Users\tmj32\AppData\Local\Temp\ccU2Y7F7.s 			page 1


   1              		.syntax unified
   2              		.cpu cortex-m3
   3              		.fpu softvfp
   4              		.eabi_attribute 20, 1
   5              		.eabi_attribute 21, 1
   6              		.eabi_attribute 23, 3
   7              		.eabi_attribute 24, 1
   8              		.eabi_attribute 25, 1
   9              		.eabi_attribute 26, 1
  10              		.eabi_attribute 30, 1
  11              		.eabi_attribute 34, 1
  12              		.eabi_attribute 18, 4
  13              		.thumb
  14              		.syntax unified
  15              		.file	"cymetadata.c"
  16              		.text
  17              	.Ltext0:
  18              		.cfi_sections	.debug_frame
  19              		.global	cy_metadata
  20              		.global	cy_meta_flashprotect
  21              		.global	cy_meta_wonvl
  22              		.global	cy_meta_custnvl
  23              		.global	cy_meta_configecc
  24              		.section	.cyconfigecc,"a",%progbits
  25              		.align	2
  26              		.type	cy_meta_configecc, %object
  27              		.size	cy_meta_configecc, 1220
  28              	cy_meta_configecc:
  29 0000 0F       		.byte	15
  30 0001 52       		.byte	82
  31 0002 00       		.byte	0
  32 0003 40       		.byte	64
  33 0004 02       		.byte	2
  34 0005 01       		.byte	1
  35 0006 01       		.byte	1
  36 0007 40       		.byte	64
  37 0008 03       		.byte	3
  38 0009 03       		.byte	3
  39 000a 01       		.byte	1
  40 000b 40       		.byte	64
  41 000c 04       		.byte	4
  42 000d 05       		.byte	5
  43 000e 01       		.byte	1
  44 000f 40       		.byte	64
  45 0010 0E       		.byte	14
  46 0011 07       		.byte	7
  47 0012 01       		.byte	1
  48 0013 40       		.byte	64
  49 0014 0C       		.byte	12
  50 0015 09       		.byte	9
  51 0016 01       		.byte	1
  52 0017 40       		.byte	64
  53 0018 09       		.byte	9
  54 0019 0B       		.byte	11
  55 001a 01       		.byte	1
  56 001b 40       		.byte	64
  57 001c 07       		.byte	7
ARM GAS  C:\Users\tmj32\AppData\Local\Temp\ccU2Y7F7.s 			page 2


  58 001d 0D       		.byte	13
  59 001e 01       		.byte	1
  60 001f 40       		.byte	64
  61 0020 02       		.byte	2
  62 0021 0F       		.byte	15
  63 0022 01       		.byte	1
  64 0023 40       		.byte	64
  65 0024 0B       		.byte	11
  66 0025 14       		.byte	20
  67 0026 01       		.byte	1
  68 0027 40       		.byte	64
  69 0028 28       		.byte	40
  70 0029 15       		.byte	21
  71 002a 01       		.byte	1
  72 002b 40       		.byte	64
  73 002c 0B       		.byte	11
  74 002d 16       		.byte	22
  75 002e 01       		.byte	1
  76 002f 40       		.byte	64
  77 0030 1F       		.byte	31
  78 0031 17       		.byte	23
  79 0032 01       		.byte	1
  80 0033 40       		.byte	64
  81 0034 0B       		.byte	11
  82 0035 18       		.byte	24
  83 0036 01       		.byte	1
  84 0037 40       		.byte	64
  85 0038 1E       		.byte	30
  86 0039 19       		.byte	25
  87 003a 01       		.byte	1
  88 003b 40       		.byte	64
  89 003c 0B       		.byte	11
  90 003d 1A       		.byte	26
  91 003e 01       		.byte	1
  92 003f 40       		.byte	64
  93 0040 25       		.byte	37
  94 0041 1B       		.byte	27
  95 0042 01       		.byte	1
  96 0043 40       		.byte	64
  97 0044 20       		.byte	32
  98 0045 40       		.byte	64
  99 0046 01       		.byte	1
 100 0047 40       		.byte	64
 101 0048 22       		.byte	34
 102 0049 41       		.byte	65
 103 004a 01       		.byte	1
 104 004b 40       		.byte	64
 105 004c 0F       		.byte	15
 106 004d 42       		.byte	66
 107 004e 01       		.byte	1
 108 004f 40       		.byte	64
 109 0050 13       		.byte	19
 110 0051 43       		.byte	67
 111 0052 01       		.byte	1
 112 0053 40       		.byte	64
 113 0054 09       		.byte	9
 114 0055 44       		.byte	68
ARM GAS  C:\Users\tmj32\AppData\Local\Temp\ccU2Y7F7.s 			page 3


 115 0056 01       		.byte	1
 116 0057 40       		.byte	64
 117 0058 0A       		.byte	10
 118 0059 45       		.byte	69
 119 005a 01       		.byte	1
 120 005b 40       		.byte	64
 121 005c 08       		.byte	8
 122 005d 46       		.byte	70
 123 005e 01       		.byte	1
 124 005f 40       		.byte	64
 125 0060 05       		.byte	5
 126 0061 47       		.byte	71
 127 0062 01       		.byte	1
 128 0063 40       		.byte	64
 129 0064 19       		.byte	25
 130 0065 48       		.byte	72
 131 0066 01       		.byte	1
 132 0067 40       		.byte	64
 133 0068 29       		.byte	41
 134 0069 49       		.byte	73
 135 006a 01       		.byte	1
 136 006b 40       		.byte	64
 137 006c 11       		.byte	17
 138 006d 4C       		.byte	76
 139 006e 01       		.byte	1
 140 006f 40       		.byte	64
 141 0070 1D       		.byte	29
 142 0071 4D       		.byte	77
 143 0072 01       		.byte	1
 144 0073 40       		.byte	64
 145 0074 02       		.byte	2
 146 0075 51       		.byte	81
 147 0076 01       		.byte	1
 148 0077 40       		.byte	64
 149 0078 00       		.byte	0
 150 0079 AC       		.byte	-84
 151 007a 01       		.byte	1
 152 007b 3A       		.byte	58
 153 007c 08       		.byte	8
 154 007d 34       		.byte	52
 155 007e 09       		.byte	9
 156 007f A0       		.byte	-96
 157 0080 10       		.byte	16
 158 0081 80       		.byte	-128
 159 0082 18       		.byte	24
 160 0083 9A       		.byte	-102
 161 0084 19       		.byte	25
 162 0085 3C       		.byte	60
 163 0086 20       		.byte	32
 164 0087 55       		.byte	85
 165 0088 21       		.byte	33
 166 0089 66       		.byte	102
 167 008a 28       		.byte	40
 168 008b CC       		.byte	-52
 169 008c 29       		.byte	41
 170 008d 9A       		.byte	-102
 171 008e 30       		.byte	48
ARM GAS  C:\Users\tmj32\AppData\Local\Temp\ccU2Y7F7.s 			page 4


 172 008f C8       		.byte	-56
 173 0090 31       		.byte	49
 174 0091 6C       		.byte	108
 175 0092 60       		.byte	96
 176 0093 80       		.byte	-128
 177 0094 61       		.byte	97
 178 0095 C0       		.byte	-64
 179 0096 86       		.byte	-122
 180 0097 01       		.byte	1
 181 0098 E4       		.byte	-28
 182 0099 40       		.byte	64
 183 009a 84       		.byte	-124
 184 009b 04       		.byte	4
 185 009c 96       		.byte	-106
 186 009d 02       		.byte	2
 187 009e E8       		.byte	-24
 188 009f 02       		.byte	2
 189 00a0 81       		.byte	-127
 190 00a1 40       		.byte	64
 191 00a2 96       		.byte	-106
 192 00a3 02       		.byte	2
 193 00a4 A4       		.byte	-92
 194 00a5 04       		.byte	4
 195 00a6 E6       		.byte	-26
 196 00a7 40       		.byte	64
 197 00a8 80       		.byte	-128
 198 00a9 10       		.byte	16
 199 00aa 87       		.byte	-121
 200 00ab 01       		.byte	1
 201 00ac 95       		.byte	-107
 202 00ad 80       		.byte	-128
 203 00ae 96       		.byte	-106
 204 00af 02       		.byte	2
 205 00b0 9E       		.byte	-98
 206 00b1 08       		.byte	8
 207 00b2 A2       		.byte	-94
 208 00b3 20       		.byte	32
 209 00b4 A4       		.byte	-92
 210 00b5 04       		.byte	4
 211 00b6 AA       		.byte	-86
 212 00b7 08       		.byte	8
 213 00b8 B2       		.byte	-78
 214 00b9 20       		.byte	32
 215 00ba E0       		.byte	-32
 216 00bb 04       		.byte	4
 217 00bc E2       		.byte	-30
 218 00bd 08       		.byte	8
 219 00be E6       		.byte	-26
 220 00bf 10       		.byte	16
 221 00c0 E8       		.byte	-24
 222 00c1 20       		.byte	32
 223 00c2 EA       		.byte	-22
 224 00c3 01       		.byte	1
 225 00c4 87       		.byte	-121
 226 00c5 02       		.byte	2
 227 00c6 8C       		.byte	-116
 228 00c7 08       		.byte	8
ARM GAS  C:\Users\tmj32\AppData\Local\Temp\ccU2Y7F7.s 			page 5


 229 00c8 92       		.byte	-110
 230 00c9 40       		.byte	64
 231 00ca 96       		.byte	-106
 232 00cb 10       		.byte	16
 233 00cc 97       		.byte	-105
 234 00cd 04       		.byte	4
 235 00ce 9F       		.byte	-97
 236 00cf 10       		.byte	16
 237 00d0 A2       		.byte	-94
 238 00d1 02       		.byte	2
 239 00d2 A4       		.byte	-92
 240 00d3 01       		.byte	1
 241 00d4 A5       		.byte	-91
 242 00d5 88       		.byte	-120
 243 00d6 A9       		.byte	-87
 244 00d7 08       		.byte	8
 245 00d8 E0       		.byte	-32
 246 00d9 04       		.byte	4
 247 00da E6       		.byte	-26
 248 00db 10       		.byte	16
 249 00dc 84       		.byte	-124
 250 00dd 01       		.byte	1
 251 00de 8E       		.byte	-114
 252 00df 10       		.byte	16
 253 00e0 8F       		.byte	-113
 254 00e1 10       		.byte	16
 255 00e2 92       		.byte	-110
 256 00e3 40       		.byte	64
 257 00e4 97       		.byte	-105
 258 00e5 04       		.byte	4
 259 00e6 A2       		.byte	-94
 260 00e7 02       		.byte	2
 261 00e8 A5       		.byte	-91
 262 00e9 80       		.byte	-128
 263 00ea E4       		.byte	-28
 264 00eb 08       		.byte	8
 265 00ec E6       		.byte	-26
 266 00ed 40       		.byte	64
 267 00ee 85       		.byte	-123
 268 00ef 80       		.byte	-128
 269 00f0 87       		.byte	-121
 270 00f1 04       		.byte	4
 271 00f2 92       		.byte	-110
 272 00f3 40       		.byte	64
 273 00f4 A2       		.byte	-94
 274 00f5 02       		.byte	2
 275 00f6 AE       		.byte	-82
 276 00f7 02       		.byte	2
 277 00f8 E0       		.byte	-32
 278 00f9 02       		.byte	2
 279 00fa E4       		.byte	-28
 280 00fb 02       		.byte	2
 281 00fc 8E       		.byte	-114
 282 00fd 40       		.byte	64
 283 00fe E4       		.byte	-28
 284 00ff 40       		.byte	64
 285 0100 5B       		.byte	91
ARM GAS  C:\Users\tmj32\AppData\Local\Temp\ccU2Y7F7.s 			page 6


 286 0101 04       		.byte	4
 287 0102 5F       		.byte	95
 288 0103 01       		.byte	1
 289 0104 89       		.byte	-119
 290 0105 02       		.byte	2
 291 0106 8B       		.byte	-117
 292 0107 01       		.byte	1
 293 0108 99       		.byte	-103
 294 0109 01       		.byte	1
 295 010a 9B       		.byte	-101
 296 010b 02       		.byte	2
 297 010c B5       		.byte	-75
 298 010d 03       		.byte	3
 299 010e BF       		.byte	-65
 300 010f 10       		.byte	16
 301 0110 D9       		.byte	-39
 302 0111 04       		.byte	4
 303 0112 DB       		.byte	-37
 304 0113 04       		.byte	4
 305 0114 DF       		.byte	-33
 306 0115 01       		.byte	1
 307 0116 25       		.byte	37
 308 0117 20       		.byte	32
 309 0118 34       		.byte	52
 310 0119 10       		.byte	16
 311 011a 3F       		.byte	63
 312 011b 20       		.byte	32
 313 011c 68       		.byte	104
 314 011d 04       		.byte	4
 315 011e 69       		.byte	105
 316 011f 80       		.byte	-128
 317 0120 6A       		.byte	106
 318 0121 02       		.byte	2
 319 0122 6B       		.byte	107
 320 0123 10       		.byte	16
 321 0124 6C       		.byte	108
 322 0125 10       		.byte	16
 323 0126 6F       		.byte	111
 324 0127 4A       		.byte	74
 325 0128 74       		.byte	116
 326 0129 08       		.byte	8
 327 012a 76       		.byte	118
 328 012b 88       		.byte	-120
 329 012c 77       		.byte	119
 330 012d 01       		.byte	1
 331 012e 8B       		.byte	-117
 332 012f 0A       		.byte	10
 333 0130 8C       		.byte	-116
 334 0131 20       		.byte	32
 335 0132 8F       		.byte	-113
 336 0133 50       		.byte	80
 337 0134 94       		.byte	-108
 338 0135 20       		.byte	32
 339 0136 95       		.byte	-107
 340 0137 80       		.byte	-128
 341 0138 96       		.byte	-106
 342 0139 02       		.byte	2
ARM GAS  C:\Users\tmj32\AppData\Local\Temp\ccU2Y7F7.s 			page 7


 343 013a 98       		.byte	-104
 344 013b 10       		.byte	16
 345 013c 9E       		.byte	-98
 346 013d 88       		.byte	-120
 347 013e 9F       		.byte	-97
 348 013f 01       		.byte	1
 349 0140 A0       		.byte	-96
 350 0141 20       		.byte	32
 351 0142 A3       		.byte	-93
 352 0143 10       		.byte	16
 353 0144 A4       		.byte	-92
 354 0145 0C       		.byte	12
 355 0146 A5       		.byte	-91
 356 0147 20       		.byte	32
 357 0148 A9       		.byte	-87
 358 0149 40       		.byte	64
 359 014a AB       		.byte	-85
 360 014b 10       		.byte	16
 361 014c AE       		.byte	-82
 362 014d 40       		.byte	64
 363 014e AF       		.byte	-81
 364 014f 0C       		.byte	12
 365 0150 B0       		.byte	-80
 366 0151 10       		.byte	16
 367 0152 B1       		.byte	-79
 368 0153 30       		.byte	48
 369 0154 B3       		.byte	-77
 370 0155 80       		.byte	-128
 371 0156 B4       		.byte	-76
 372 0157 80       		.byte	-128
 373 0158 CC       		.byte	-52
 374 0159 20       		.byte	32
 375 015a CE       		.byte	-50
 376 015b 20       		.byte	32
 377 015c E2       		.byte	-30
 378 015d 54       		.byte	84
 379 015e E6       		.byte	-26
 380 015f 53       		.byte	83
 381 0160 E8       		.byte	-24
 382 0161 24       		.byte	36
 383 0162 EC       		.byte	-20
 384 0163 04       		.byte	4
 385 0164 EE       		.byte	-18
 386 0165 A0       		.byte	-96
 387 0166 19       		.byte	25
 388 0167 01       		.byte	1
 389 0168 1B       		.byte	27
 390 0169 02       		.byte	2
 391 016a 29       		.byte	41
 392 016b 02       		.byte	2
 393 016c 2B       		.byte	43
 394 016d 01       		.byte	1
 395 016e 35       		.byte	53
 396 016f 03       		.byte	3
 397 0170 3F       		.byte	63
 398 0171 10       		.byte	16
 399 0172 59       		.byte	89
ARM GAS  C:\Users\tmj32\AppData\Local\Temp\ccU2Y7F7.s 			page 8


 400 0173 04       		.byte	4
 401 0174 5B       		.byte	91
 402 0175 04       		.byte	4
 403 0176 5F       		.byte	95
 404 0177 01       		.byte	1
 405 0178 DB       		.byte	-37
 406 0179 04       		.byte	4
 407 017a DF       		.byte	-33
 408 017b 01       		.byte	1
 409 017c 27       		.byte	39
 410 017d 08       		.byte	8
 411 017e 2F       		.byte	47
 412 017f 04       		.byte	4
 413 0180 36       		.byte	54
 414 0181 20       		.byte	32
 415 0182 68       		.byte	104
 416 0183 80       		.byte	-128
 417 0184 69       		.byte	105
 418 0185 50       		.byte	80
 419 0186 6B       		.byte	107
 420 0187 20       		.byte	32
 421 0188 6C       		.byte	108
 422 0189 04       		.byte	4
 423 018a 6E       		.byte	110
 424 018b 80       		.byte	-128
 425 018c 6F       		.byte	111
 426 018d A0       		.byte	-96
 427 018e 74       		.byte	116
 428 018f 20       		.byte	32
 429 0190 76       		.byte	118
 430 0191 20       		.byte	32
 431 0192 77       		.byte	119
 432 0193 82       		.byte	-126
 433 0194 87       		.byte	-121
 434 0195 20       		.byte	32
 435 0196 88       		.byte	-120
 436 0197 08       		.byte	8
 437 0198 8E       		.byte	-114
 438 0199 20       		.byte	32
 439 019a 8F       		.byte	-113
 440 019b A2       		.byte	-94
 441 019c 94       		.byte	-108
 442 019d 28       		.byte	40
 443 019e 95       		.byte	-107
 444 019f 80       		.byte	-128
 445 01a0 96       		.byte	-106
 446 01a1 02       		.byte	2
 447 01a2 9E       		.byte	-98
 448 01a3 88       		.byte	-120
 449 01a4 9F       		.byte	-97
 450 01a5 01       		.byte	1
 451 01a6 A2       		.byte	-94
 452 01a7 20       		.byte	32
 453 01a8 A4       		.byte	-92
 454 01a9 04       		.byte	4
 455 01aa B4       		.byte	-76
 456 01ab 04       		.byte	4
ARM GAS  C:\Users\tmj32\AppData\Local\Temp\ccU2Y7F7.s 			page 9


 457 01ac B6       		.byte	-74
 458 01ad 80       		.byte	-128
 459 01ae CA       		.byte	-54
 460 01af 20       		.byte	32
 461 01b0 CC       		.byte	-52
 462 01b1 20       		.byte	32
 463 01b2 E2       		.byte	-30
 464 01b3 52       		.byte	82
 465 01b4 E4       		.byte	-28
 466 01b5 04       		.byte	4
 467 01b6 E6       		.byte	-26
 468 01b7 62       		.byte	98
 469 01b8 EA       		.byte	-22
 470 01b9 14       		.byte	20
 471 01ba 01       		.byte	1
 472 01bb 02       		.byte	2
 473 01bc 03       		.byte	3
 474 01bd 01       		.byte	1
 475 01be 11       		.byte	17
 476 01bf 01       		.byte	1
 477 01c0 13       		.byte	19
 478 01c1 02       		.byte	2
 479 01c2 33       		.byte	51
 480 01c3 03       		.byte	3
 481 01c4 3F       		.byte	63
 482 01c5 04       		.byte	4
 483 01c6 59       		.byte	89
 484 01c7 04       		.byte	4
 485 01c8 5B       		.byte	91
 486 01c9 04       		.byte	4
 487 01ca 5F       		.byte	95
 488 01cb 01       		.byte	1
 489 01cc DB       		.byte	-37
 490 01cd 04       		.byte	4
 491 01ce DF       		.byte	-33
 492 01cf 01       		.byte	1
 493 01d0 27       		.byte	39
 494 01d1 10       		.byte	16
 495 01d2 36       		.byte	54
 496 01d3 02       		.byte	2
 497 01d4 3E       		.byte	62
 498 01d5 02       		.byte	2
 499 01d6 68       		.byte	104
 500 01d7 40       		.byte	64
 501 01d8 6A       		.byte	106
 502 01d9 80       		.byte	-128
 503 01da 6B       		.byte	107
 504 01db 24       		.byte	36
 505 01dc 6E       		.byte	110
 506 01dd A4       		.byte	-92
 507 01de 6F       		.byte	111
 508 01df 80       		.byte	-128
 509 01e0 74       		.byte	116
 510 01e1 01       		.byte	1
 511 01e2 75       		.byte	117
 512 01e3 84       		.byte	-124
 513 01e4 77       		.byte	119
ARM GAS  C:\Users\tmj32\AppData\Local\Temp\ccU2Y7F7.s 			page 10


 514 01e5 08       		.byte	8
 515 01e6 82       		.byte	-126
 516 01e7 42       		.byte	66
 517 01e8 86       		.byte	-122
 518 01e9 54       		.byte	84
 519 01ea 87       		.byte	-121
 520 01eb 08       		.byte	8
 521 01ec 92       		.byte	-110
 522 01ed 40       		.byte	64
 523 01ee 94       		.byte	-108
 524 01ef 20       		.byte	32
 525 01f0 96       		.byte	-106
 526 01f1 10       		.byte	16
 527 01f2 97       		.byte	-105
 528 01f3 04       		.byte	4
 529 01f4 9F       		.byte	-97
 530 01f5 12       		.byte	18
 531 01f6 A2       		.byte	-94
 532 01f7 02       		.byte	2
 533 01f8 A4       		.byte	-92
 534 01f9 09       		.byte	9
 535 01fa A5       		.byte	-91
 536 01fb 88       		.byte	-120
 537 01fc A7       		.byte	-89
 538 01fd 02       		.byte	2
 539 01fe A8       		.byte	-88
 540 01ff 10       		.byte	16
 541 0200 AF       		.byte	-81
 542 0201 02       		.byte	2
 543 0202 CC       		.byte	-52
 544 0203 80       		.byte	-128
 545 0204 CE       		.byte	-50
 546 0205 80       		.byte	-128
 547 0206 E0       		.byte	-32
 548 0207 08       		.byte	8
 549 0208 E4       		.byte	-28
 550 0209 19       		.byte	25
 551 020a EC       		.byte	-20
 552 020b 12       		.byte	18
 553 020c 5B       		.byte	91
 554 020d 04       		.byte	4
 555 020e 5F       		.byte	95
 556 020f 01       		.byte	1
 557 0210 84       		.byte	-124
 558 0211 02       		.byte	2
 559 0212 86       		.byte	-122
 560 0213 01       		.byte	1
 561 0214 90       		.byte	-112
 562 0215 01       		.byte	1
 563 0216 92       		.byte	-110
 564 0217 02       		.byte	2
 565 0218 B2       		.byte	-78
 566 0219 03       		.byte	3
 567 021a BE       		.byte	-66
 568 021b 04       		.byte	4
 569 021c D8       		.byte	-40
 570 021d 04       		.byte	4
ARM GAS  C:\Users\tmj32\AppData\Local\Temp\ccU2Y7F7.s 			page 11


 571 021e DB       		.byte	-37
 572 021f 04       		.byte	4
 573 0220 DF       		.byte	-33
 574 0221 01       		.byte	1
 575 0222 04       		.byte	4
 576 0223 04       		.byte	4
 577 0224 0E       		.byte	14
 578 0225 40       		.byte	64
 579 0226 1D       		.byte	29
 580 0227 08       		.byte	8
 581 0228 69       		.byte	105
 582 0229 02       		.byte	2
 583 022a 6A       		.byte	106
 584 022b 20       		.byte	32
 585 022c 6B       		.byte	107
 586 022d 12       		.byte	18
 587 022e 6C       		.byte	108
 588 022f 18       		.byte	24
 589 0230 6F       		.byte	111
 590 0231 42       		.byte	66
 591 0232 71       		.byte	113
 592 0233 80       		.byte	-128
 593 0234 72       		.byte	114
 594 0235 10       		.byte	16
 595 0236 73       		.byte	115
 596 0237 44       		.byte	68
 597 0238 83       		.byte	-125
 598 0239 50       		.byte	80
 599 023a 87       		.byte	-121
 600 023b 40       		.byte	64
 601 023c 8E       		.byte	-114
 602 023d 10       		.byte	16
 603 023e 90       		.byte	-112
 604 023f 04       		.byte	4
 605 0240 92       		.byte	-110
 606 0241 40       		.byte	64
 607 0242 94       		.byte	-108
 608 0243 20       		.byte	32
 609 0244 95       		.byte	-107
 610 0245 02       		.byte	2
 611 0246 96       		.byte	-106
 612 0247 10       		.byte	16
 613 0248 97       		.byte	-105
 614 0249 04       		.byte	4
 615 024a 9F       		.byte	-97
 616 024b 02       		.byte	2
 617 024c A4       		.byte	-92
 618 024d 08       		.byte	8
 619 024e A5       		.byte	-91
 620 024f 88       		.byte	-120
 621 0250 A7       		.byte	-89
 622 0251 02       		.byte	2
 623 0252 A8       		.byte	-88
 624 0253 04       		.byte	4
 625 0254 A9       		.byte	-87
 626 0255 04       		.byte	4
 627 0256 AB       		.byte	-85
ARM GAS  C:\Users\tmj32\AppData\Local\Temp\ccU2Y7F7.s 			page 12


 628 0257 04       		.byte	4
 629 0258 B0       		.byte	-80
 630 0259 40       		.byte	64
 631 025a B1       		.byte	-79
 632 025b 81       		.byte	-127
 633 025c B7       		.byte	-73
 634 025d A0       		.byte	-96
 635 025e C0       		.byte	-64
 636 025f 20       		.byte	32
 637 0260 C2       		.byte	-62
 638 0261 10       		.byte	16
 639 0262 E0       		.byte	-32
 640 0263 20       		.byte	32
 641 0264 E2       		.byte	-30
 642 0265 40       		.byte	64
 643 0266 E4       		.byte	-28
 644 0267 80       		.byte	-128
 645 0268 E8       		.byte	-24
 646 0269 81       		.byte	-127
 647 026a EC       		.byte	-20
 648 026b 45       		.byte	69
 649 026c 10       		.byte	16
 650 026d 08       		.byte	8
 651 026e 13       		.byte	19
 652 026f 04       		.byte	4
 653 0270 16       		.byte	22
 654 0271 10       		.byte	16
 655 0272 17       		.byte	23
 656 0273 10       		.byte	16
 657 0274 1A       		.byte	26
 658 0275 80       		.byte	-128
 659 0276 1B       		.byte	27
 660 0277 80       		.byte	-128
 661 0278 1C       		.byte	28
 662 0279 08       		.byte	8
 663 027a 1E       		.byte	30
 664 027b 80       		.byte	-128
 665 027c 3B       		.byte	59
 666 027d 04       		.byte	4
 667 027e 3C       		.byte	60
 668 027f 01       		.byte	1
 669 0280 3E       		.byte	62
 670 0281 40       		.byte	64
 671 0282 41       		.byte	65
 672 0283 10       		.byte	16
 673 0284 53       		.byte	83
 674 0285 10       		.byte	16
 675 0286 54       		.byte	84
 676 0287 02       		.byte	2
 677 0288 55       		.byte	85
 678 0289 10       		.byte	16
 679 028a 58       		.byte	88
 680 028b 10       		.byte	16
 681 028c 59       		.byte	89
 682 028d 04       		.byte	4
 683 028e 5D       		.byte	93
 684 028f 01       		.byte	1
ARM GAS  C:\Users\tmj32\AppData\Local\Temp\ccU2Y7F7.s 			page 13


 685 0290 62       		.byte	98
 686 0291 04       		.byte	4
 687 0292 66       		.byte	102
 688 0293 01       		.byte	1
 689 0294 68       		.byte	104
 690 0295 08       		.byte	8
 691 0296 69       		.byte	105
 692 0297 20       		.byte	32
 693 0298 87       		.byte	-121
 694 0299 10       		.byte	16
 695 029a 8F       		.byte	-113
 696 029b 10       		.byte	16
 697 029c C4       		.byte	-60
 698 029d F0       		.byte	-16
 699 029e C6       		.byte	-58
 700 029f F0       		.byte	-16
 701 02a0 CE       		.byte	-50
 702 02a1 E0       		.byte	-32
 703 02a2 D0       		.byte	-48
 704 02a3 10       		.byte	16
 705 02a4 D4       		.byte	-44
 706 02a5 E0       		.byte	-32
 707 02a6 D6       		.byte	-42
 708 02a7 E0       		.byte	-32
 709 02a8 D8       		.byte	-40
 710 02a9 C0       		.byte	-64
 711 02aa E6       		.byte	-26
 712 02ab 40       		.byte	64
 713 02ac 3A       		.byte	58
 714 02ad 08       		.byte	8
 715 02ae 3E       		.byte	62
 716 02af 01       		.byte	1
 717 02b0 3F       		.byte	63
 718 02b1 10       		.byte	16
 719 02b2 43       		.byte	67
 720 02b3 80       		.byte	-128
 721 02b4 53       		.byte	83
 722 02b5 10       		.byte	16
 723 02b6 55       		.byte	85
 724 02b7 08       		.byte	8
 725 02b8 58       		.byte	88
 726 02b9 02       		.byte	2
 727 02ba 5B       		.byte	91
 728 02bb 40       		.byte	64
 729 02bc 5D       		.byte	93
 730 02bd 08       		.byte	8
 731 02be 5F       		.byte	95
 732 02bf 80       		.byte	-128
 733 02c0 60       		.byte	96
 734 02c1 80       		.byte	-128
 735 02c2 67       		.byte	103
 736 02c3 40       		.byte	64
 737 02c4 84       		.byte	-124
 738 02c5 10       		.byte	16
 739 02c6 94       		.byte	-108
 740 02c7 01       		.byte	1
 741 02c8 95       		.byte	-107
ARM GAS  C:\Users\tmj32\AppData\Local\Temp\ccU2Y7F7.s 			page 14


 742 02c9 01       		.byte	1
 743 02ca 96       		.byte	-106
 744 02cb 40       		.byte	64
 745 02cc 9A       		.byte	-102
 746 02cd 08       		.byte	8
 747 02ce 9C       		.byte	-100
 748 02cf 10       		.byte	16
 749 02d0 9D       		.byte	-99
 750 02d1 04       		.byte	4
 751 02d2 9E       		.byte	-98
 752 02d3 05       		.byte	5
 753 02d4 A0       		.byte	-96
 754 02d5 04       		.byte	4
 755 02d6 A2       		.byte	-94
 756 02d7 40       		.byte	64
 757 02d8 A3       		.byte	-93
 758 02d9 80       		.byte	-128
 759 02da A4       		.byte	-92
 760 02db 02       		.byte	2
 761 02dc A5       		.byte	-91
 762 02dd 10       		.byte	16
 763 02de AE       		.byte	-82
 764 02df 10       		.byte	16
 765 02e0 B6       		.byte	-74
 766 02e1 48       		.byte	72
 767 02e2 CE       		.byte	-50
 768 02e3 E0       		.byte	-32
 769 02e4 D0       		.byte	-48
 770 02e5 10       		.byte	16
 771 02e6 D4       		.byte	-44
 772 02e7 E0       		.byte	-32
 773 02e8 D6       		.byte	-42
 774 02e9 E0       		.byte	-32
 775 02ea D8       		.byte	-40
 776 02eb C0       		.byte	-64
 777 02ec E6       		.byte	-26
 778 02ed 40       		.byte	64
 779 02ee E8       		.byte	-24
 780 02ef 40       		.byte	64
 781 02f0 81       		.byte	-127
 782 02f1 10       		.byte	16
 783 02f2 8E       		.byte	-114
 784 02f3 40       		.byte	64
 785 02f4 94       		.byte	-108
 786 02f5 01       		.byte	1
 787 02f6 95       		.byte	-107
 788 02f7 01       		.byte	1
 789 02f8 96       		.byte	-106
 790 02f9 41       		.byte	65
 791 02fa 97       		.byte	-105
 792 02fb 70       		.byte	112
 793 02fc 9C       		.byte	-100
 794 02fd 82       		.byte	-126
 795 02fe 9D       		.byte	-99
 796 02ff 0C       		.byte	12
 797 0300 9E       		.byte	-98
 798 0301 05       		.byte	5
ARM GAS  C:\Users\tmj32\AppData\Local\Temp\ccU2Y7F7.s 			page 15


 799 0302 9F       		.byte	-97
 800 0303 C0       		.byte	-64
 801 0304 A0       		.byte	-96
 802 0305 04       		.byte	4
 803 0306 A2       		.byte	-94
 804 0307 40       		.byte	64
 805 0308 A4       		.byte	-92
 806 0309 02       		.byte	2
 807 030a A5       		.byte	-91
 808 030b 18       		.byte	24
 809 030c E2       		.byte	-30
 810 030d 80       		.byte	-128
 811 030e 85       		.byte	-123
 812 030f 01       		.byte	1
 813 0310 87       		.byte	-121
 814 0311 80       		.byte	-128
 815 0312 8E       		.byte	-114
 816 0313 04       		.byte	4
 817 0314 95       		.byte	-107
 818 0315 01       		.byte	1
 819 0316 96       		.byte	-106
 820 0317 01       		.byte	1
 821 0318 97       		.byte	-105
 822 0319 70       		.byte	112
 823 031a 9C       		.byte	-100
 824 031b 82       		.byte	-126
 825 031c 9D       		.byte	-99
 826 031d 0C       		.byte	12
 827 031e 9E       		.byte	-98
 828 031f 05       		.byte	5
 829 0320 9F       		.byte	-97
 830 0321 80       		.byte	-128
 831 0322 A0       		.byte	-96
 832 0323 04       		.byte	4
 833 0324 A4       		.byte	-92
 834 0325 02       		.byte	2
 835 0326 A5       		.byte	-91
 836 0327 08       		.byte	8
 837 0328 A8       		.byte	-88
 838 0329 01       		.byte	1
 839 032a AB       		.byte	-85
 840 032b 40       		.byte	64
 841 032c B2       		.byte	-78
 842 032d 40       		.byte	64
 843 032e E2       		.byte	-30
 844 032f 50       		.byte	80
 845 0330 EA       		.byte	-22
 846 0331 80       		.byte	-128
 847 0332 EE       		.byte	-18
 848 0333 80       		.byte	-128
 849 0334 50       		.byte	80
 850 0335 10       		.byte	16
 851 0336 58       		.byte	88
 852 0337 10       		.byte	16
 853 0338 5B       		.byte	91
 854 0339 02       		.byte	2
 855 033a 5F       		.byte	95
ARM GAS  C:\Users\tmj32\AppData\Local\Temp\ccU2Y7F7.s 			page 16


 856 033b 40       		.byte	64
 857 033c 61       		.byte	97
 858 033d 02       		.byte	2
 859 033e 66       		.byte	102
 860 033f 84       		.byte	-124
 861 0340 D4       		.byte	-44
 862 0341 05       		.byte	5
 863 0342 D6       		.byte	-42
 864 0343 07       		.byte	7
 865 0344 D8       		.byte	-40
 866 0345 03       		.byte	3
 867 0346 5D       		.byte	93
 868 0347 02       		.byte	2
 869 0348 85       		.byte	-123
 870 0349 02       		.byte	2
 871 034a 87       		.byte	-121
 872 034b 02       		.byte	2
 873 034c 94       		.byte	-108
 874 034d 20       		.byte	32
 875 034e 97       		.byte	-105
 876 034f 40       		.byte	64
 877 0350 9C       		.byte	-100
 878 0351 10       		.byte	16
 879 0352 9E       		.byte	-98
 880 0353 84       		.byte	-124
 881 0354 9F       		.byte	-97
 882 0355 02       		.byte	2
 883 0356 A5       		.byte	-91
 884 0357 02       		.byte	2
 885 0358 D6       		.byte	-42
 886 0359 01       		.byte	1
 887 035a 85       		.byte	-123
 888 035b 02       		.byte	2
 889 035c 8E       		.byte	-114
 890 035d 80       		.byte	-128
 891 035e 94       		.byte	-108
 892 035f 20       		.byte	32
 893 0360 97       		.byte	-105
 894 0361 40       		.byte	64
 895 0362 9C       		.byte	-100
 896 0363 10       		.byte	16
 897 0364 9D       		.byte	-99
 898 0365 02       		.byte	2
 899 0366 9E       		.byte	-98
 900 0367 84       		.byte	-124
 901 0368 E4       		.byte	-28
 902 0369 08       		.byte	8
 903 036a 80       		.byte	-128
 904 036b 10       		.byte	16
 905 036c 94       		.byte	-108
 906 036d 20       		.byte	32
 907 036e 97       		.byte	-105
 908 036f 40       		.byte	64
 909 0370 9C       		.byte	-100
 910 0371 10       		.byte	16
 911 0372 9E       		.byte	-98
 912 0373 04       		.byte	4
ARM GAS  C:\Users\tmj32\AppData\Local\Temp\ccU2Y7F7.s 			page 17


 913 0374 20       		.byte	32
 914 0375 10       		.byte	16
 915 0376 26       		.byte	38
 916 0377 80       		.byte	-128
 917 0378 27       		.byte	39
 918 0379 10       		.byte	16
 919 037a 80       		.byte	-128
 920 037b 01       		.byte	1
 921 037c 84       		.byte	-124
 922 037d 40       		.byte	64
 923 037e 85       		.byte	-123
 924 037f 08       		.byte	8
 925 0380 87       		.byte	-121
 926 0381 10       		.byte	16
 927 0382 89       		.byte	-119
 928 0383 08       		.byte	8
 929 0384 8C       		.byte	-116
 930 0385 02       		.byte	2
 931 0386 8D       		.byte	-115
 932 0387 01       		.byte	1
 933 0388 8F       		.byte	-113
 934 0389 01       		.byte	1
 935 038a 96       		.byte	-106
 936 038b 01       		.byte	1
 937 038c 97       		.byte	-105
 938 038d 70       		.byte	112
 939 038e 9C       		.byte	-100
 940 038f 80       		.byte	-128
 941 0390 9D       		.byte	-99
 942 0391 0C       		.byte	12
 943 0392 A0       		.byte	-96
 944 0393 04       		.byte	4
 945 0394 A4       		.byte	-92
 946 0395 02       		.byte	2
 947 0396 A5       		.byte	-91
 948 0397 08       		.byte	8
 949 0398 AA       		.byte	-86
 950 0399 01       		.byte	1
 951 039a B4       		.byte	-76
 952 039b 02       		.byte	2
 953 039c C8       		.byte	-56
 954 039d E0       		.byte	-32
 955 039e E2       		.byte	-30
 956 039f 40       		.byte	64
 957 03a0 E4       		.byte	-28
 958 03a1 20       		.byte	32
 959 03a2 E6       		.byte	-26
 960 03a3 50       		.byte	80
 961 03a4 EA       		.byte	-22
 962 03a5 20       		.byte	32
 963 03a6 18       		.byte	24
 964 03a7 02       		.byte	2
 965 03a8 51       		.byte	81
 966 03a9 10       		.byte	16
 967 03aa 54       		.byte	84
 968 03ab 40       		.byte	64
 969 03ac 58       		.byte	88
ARM GAS  C:\Users\tmj32\AppData\Local\Temp\ccU2Y7F7.s 			page 18


 970 03ad 22       		.byte	34
 971 03ae 5E       		.byte	94
 972 03af 40       		.byte	64
 973 03b0 61       		.byte	97
 974 03b1 01       		.byte	1
 975 03b2 66       		.byte	102
 976 03b3 04       		.byte	4
 977 03b4 67       		.byte	103
 978 03b5 02       		.byte	2
 979 03b6 73       		.byte	115
 980 03b7 40       		.byte	64
 981 03b8 81       		.byte	-127
 982 03b9 04       		.byte	4
 983 03ba 82       		.byte	-126
 984 03bb 40       		.byte	64
 985 03bc 87       		.byte	-121
 986 03bd 40       		.byte	64
 987 03be 8C       		.byte	-116
 988 03bf A2       		.byte	-94
 989 03c0 8E       		.byte	-114
 990 03c1 04       		.byte	4
 991 03c2 91       		.byte	-111
 992 03c3 20       		.byte	32
 993 03c4 93       		.byte	-109
 994 03c5 02       		.byte	2
 995 03c6 94       		.byte	-108
 996 03c7 02       		.byte	2
 997 03c8 98       		.byte	-104
 998 03c9 02       		.byte	2
 999 03ca 99       		.byte	-103
 1000 03cb 01       		.byte	1
 1001 03cc 9C       		.byte	-100
 1002 03cd 80       		.byte	-128
 1003 03ce 9D       		.byte	-99
 1004 03cf 04       		.byte	4
 1005 03d0 A0       		.byte	-96
 1006 03d1 40       		.byte	64
 1007 03d2 A4       		.byte	-92
 1008 03d3 02       		.byte	2
 1009 03d4 A8       		.byte	-88
 1010 03d5 10       		.byte	16
 1011 03d6 AB       		.byte	-85
 1012 03d7 10       		.byte	16
 1013 03d8 AE       		.byte	-82
 1014 03d9 80       		.byte	-128
 1015 03da AF       		.byte	-81
 1016 03db 50       		.byte	80
 1017 03dc B0       		.byte	-80
 1018 03dd 04       		.byte	4
 1019 03de B1       		.byte	-79
 1020 03df 10       		.byte	16
 1021 03e0 B2       		.byte	-78
 1022 03e1 01       		.byte	1
 1023 03e2 C6       		.byte	-58
 1024 03e3 40       		.byte	64
 1025 03e4 D4       		.byte	-44
 1026 03e5 E0       		.byte	-32
ARM GAS  C:\Users\tmj32\AppData\Local\Temp\ccU2Y7F7.s 			page 19


 1027 03e6 D6       		.byte	-42
 1028 03e7 E0       		.byte	-32
 1029 03e8 D8       		.byte	-40
 1030 03e9 C0       		.byte	-64
 1031 03ea DC       		.byte	-36
 1032 03eb 80       		.byte	-128
 1033 03ec E2       		.byte	-30
 1034 03ed 20       		.byte	32
 1035 03ee E6       		.byte	-26
 1036 03ef C0       		.byte	-64
 1037 03f0 E8       		.byte	-24
 1038 03f1 20       		.byte	32
 1039 03f2 EA       		.byte	-22
 1040 03f3 10       		.byte	16
 1041 03f4 EC       		.byte	-20
 1042 03f5 90       		.byte	-112
 1043 03f6 EE       		.byte	-18
 1044 03f7 40       		.byte	64
 1045 03f8 57       		.byte	87
 1046 03f9 20       		.byte	32
 1047 03fa 58       		.byte	88
 1048 03fb 04       		.byte	4
 1049 03fc 5C       		.byte	92
 1050 03fd 08       		.byte	8
 1051 03fe 63       		.byte	99
 1052 03ff 20       		.byte	32
 1053 0400 67       		.byte	103
 1054 0401 10       		.byte	16
 1055 0402 82       		.byte	-126
 1056 0403 20       		.byte	32
 1057 0404 84       		.byte	-124
 1058 0405 04       		.byte	4
 1059 0406 87       		.byte	-121
 1060 0407 20       		.byte	32
 1061 0408 8F       		.byte	-113
 1062 0409 01       		.byte	1
 1063 040a 97       		.byte	-105
 1064 040b 40       		.byte	64
 1065 040c AC       		.byte	-84
 1066 040d 10       		.byte	16
 1067 040e B6       		.byte	-74
 1068 040f 04       		.byte	4
 1069 0410 D4       		.byte	-44
 1070 0411 02       		.byte	2
 1071 0412 D6       		.byte	-42
 1072 0413 03       		.byte	3
 1073 0414 D8       		.byte	-40
 1074 0415 03       		.byte	3
 1075 0416 E4       		.byte	-28
 1076 0417 08       		.byte	8
 1077 0418 EC       		.byte	-20
 1078 0419 08       		.byte	8
 1079 041a 52       		.byte	82
 1080 041b 20       		.byte	32
 1081 041c 55       		.byte	85
 1082 041d 08       		.byte	8
 1083 041e 5B       		.byte	91
ARM GAS  C:\Users\tmj32\AppData\Local\Temp\ccU2Y7F7.s 			page 20


 1084 041f 20       		.byte	32
 1085 0420 5F       		.byte	95
 1086 0421 81       		.byte	-127
 1087 0422 63       		.byte	99
 1088 0423 0A       		.byte	10
 1089 0424 65       		.byte	101
 1090 0425 01       		.byte	1
 1091 0426 7B       		.byte	123
 1092 0427 02       		.byte	2
 1093 0428 7E       		.byte	126
 1094 0429 01       		.byte	1
 1095 042a 8A       		.byte	-118
 1096 042b 01       		.byte	1
 1097 042c 8B       		.byte	-117
 1098 042d 02       		.byte	2
 1099 042e 93       		.byte	-109
 1100 042f 01       		.byte	1
 1101 0430 99       		.byte	-103
 1102 0431 01       		.byte	1
 1103 0432 9B       		.byte	-101
 1104 0433 A0       		.byte	-96
 1105 0434 A1       		.byte	-95
 1106 0435 08       		.byte	8
 1107 0436 A2       		.byte	-94
 1108 0437 20       		.byte	32
 1109 0438 A3       		.byte	-93
 1110 0439 05       		.byte	5
 1111 043a AB       		.byte	-85
 1112 043b 34       		.byte	52
 1113 043c B3       		.byte	-77
 1114 043d D1       		.byte	-47
 1115 043e B4       		.byte	-76
 1116 043f 08       		.byte	8
 1117 0440 B5       		.byte	-75
 1118 0441 09       		.byte	9
 1119 0442 D4       		.byte	-44
 1120 0443 07       		.byte	7
 1121 0444 D6       		.byte	-42
 1122 0445 07       		.byte	7
 1123 0446 D8       		.byte	-40
 1124 0447 03       		.byte	3
 1125 0448 DC       		.byte	-36
 1126 0449 01       		.byte	1
 1127 044a DE       		.byte	-34
 1128 044b 04       		.byte	4
 1129 044c E0       		.byte	-32
 1130 044d 04       		.byte	4
 1131 044e E4       		.byte	-28
 1132 044f 01       		.byte	1
 1133 0450 E8       		.byte	-24
 1134 0451 07       		.byte	7
 1135 0452 EC       		.byte	-20
 1136 0453 0F       		.byte	15
 1137 0454 10       		.byte	16
 1138 0455 AA       		.byte	-86
 1139 0456 11       		.byte	17
 1140 0457 AA       		.byte	-86
ARM GAS  C:\Users\tmj32\AppData\Local\Temp\ccU2Y7F7.s 			page 21


 1141 0458 00       		.byte	0
 1142 0459 FF       		.byte	-1
 1143 045a FF       		.byte	-1
 1144 045b 00       		.byte	0
 1145 045c FF       		.byte	-1
 1146 045d 00       		.byte	0
 1147 045e 00       		.byte	0
 1148 045f 00       		.byte	0
 1149 0460 00       		.byte	0
 1150 0461 C1       		.byte	-63
 1151 0462 C1       		.byte	-63
 1152 0463 00       		.byte	0
 1153 0464 C1       		.byte	-63
 1154 0465 00       		.byte	0
 1155 0466 00       		.byte	0
 1156 0467 00       		.byte	0
 1157 0468 20       		.byte	32
 1158 0469 00       		.byte	0
 1159 046a 00       		.byte	0
 1160 046b 20       		.byte	32
 1161 046c 00       		.byte	0
 1162 046d 00       		.byte	0
 1163 046e 00       		.byte	0
 1164 046f 00       		.byte	0
 1165 0470 00       		.byte	0
 1166 0471 00       		.byte	0
 1167 0472 00       		.byte	0
 1168 0473 00       		.byte	0
 1169 0474 00       		.byte	0
 1170 0475 FF       		.byte	-1
 1171 0476 FF       		.byte	-1
 1172 0477 00       		.byte	0
 1173 0478 F4       		.byte	-12
 1174 0479 00       		.byte	0
 1175 047a 00       		.byte	0
 1176 047b 00       		.byte	0
 1177 047c 00       		.byte	0
 1178 047d FF       		.byte	-1
 1179 047e FF       		.byte	-1
 1180 047f 00       		.byte	0
 1181 0480 80       		.byte	-128
 1182 0481 00       		.byte	0
 1183 0482 00       		.byte	0
 1184 0483 00       		.byte	0
 1185 0484 00       		.byte	0
 1186 0485 FF       		.byte	-1
 1187 0486 FF       		.byte	-1
 1188 0487 00       		.byte	0
 1189 0488 FF       		.byte	-1
 1190 0489 00       		.byte	0
 1191 048a 00       		.byte	0
 1192 048b 00       		.byte	0
 1193 048c 00       		.byte	0
 1194 048d FF       		.byte	-1
 1195 048e FF       		.byte	-1
 1196 048f 00       		.byte	0
 1197 0490 FF       		.byte	-1
ARM GAS  C:\Users\tmj32\AppData\Local\Temp\ccU2Y7F7.s 			page 22


 1198 0491 00       		.byte	0
 1199 0492 00       		.byte	0
 1200 0493 00       		.byte	0
 1201 0494 00       		.byte	0
 1202 0495 FF       		.byte	-1
 1203 0496 FF       		.byte	-1
 1204 0497 00       		.byte	0
 1205 0498 FF       		.byte	-1
 1206 0499 00       		.byte	0
 1207 049a 00       		.byte	0
 1208 049b 00       		.byte	0
 1209 049c 02       		.byte	2
 1210 049d 00       		.byte	0
 1211 049e 00       		.byte	0
 1212 049f FF       		.byte	-1
 1213 04a0 FD       		.byte	-3
 1214 04a1 00       		.byte	0
 1215 04a2 FD       		.byte	-3
 1216 04a3 00       		.byte	0
 1217 04a4 00       		.byte	0
 1218 04a5 00       		.byte	0
 1219 04a6 00       		.byte	0
 1220 04a7 00       		.byte	0
 1221 04a8 00       		.byte	0
 1222 04a9 01       		.byte	1
 1223 04aa 00       		.byte	0
 1224 04ab 00       		.byte	0
 1225 04ac 00       		.byte	0
 1226 04ad 02       		.byte	2
 1227 04ae 00       		.byte	0
 1228 04af 00       		.byte	0
 1229 04b0 00       		.byte	0
 1230 04b1 03       		.byte	3
 1231 04b2 00       		.byte	0
 1232 04b3 00       		.byte	0
 1233 04b4 00       		.byte	0
 1234 04b5 04       		.byte	4
 1235 04b6 00       		.byte	0
 1236 04b7 00       		.byte	0
 1237 04b8 00       		.byte	0
 1238 04b9 05       		.byte	5
 1239 04ba 00       		.byte	0
 1240 04bb 00       		.byte	0
 1241 04bc 00       		.byte	0
 1242 04bd 06       		.byte	6
 1243 04be 00       		.byte	0
 1244 04bf 00       		.byte	0
 1245 04c0 00       		.byte	0
 1246 04c1 07       		.byte	7
 1247 04c2 00       		.byte	0
 1248 04c3 00       		.byte	0
 1249              		.section	.cywolatch,"a",%progbits
 1250              		.align	2
 1251              		.type	cy_meta_wonvl, %object
 1252              		.size	cy_meta_wonvl, 4
 1253              	cy_meta_wonvl:
 1254 0000 BC       		.byte	-68
ARM GAS  C:\Users\tmj32\AppData\Local\Temp\ccU2Y7F7.s 			page 23


 1255 0001 90       		.byte	-112
 1256 0002 AC       		.byte	-84
 1257 0003 AF       		.byte	-81
 1258              		.section	.cycustnvl,"a",%progbits
 1259              		.align	2
 1260              		.type	cy_meta_custnvl, %object
 1261              		.size	cy_meta_custnvl, 4
 1262              	cy_meta_custnvl:
 1263 0000 00       		.byte	0
 1264 0001 00       		.byte	0
 1265 0002 40       		.byte	64
 1266 0003 05       		.byte	5
 1267              		.section	.cymeta,"a",%progbits
 1268              		.align	2
 1269              		.type	cy_metadata, %object
 1270              		.size	cy_metadata, 12
 1271              	cy_metadata:
 1272 0000 00       		.byte	0
 1273 0001 01       		.byte	1
 1274 0002 2E       		.byte	46
 1275 0003 12       		.byte	18
 1276 0004 30       		.byte	48
 1277 0005 69       		.byte	105
 1278 0006 00       		.byte	0
 1279 0007 01       		.byte	1
 1280 0008 00       		.byte	0
 1281 0009 00       		.byte	0
 1282 000a 00       		.byte	0
 1283 000b 00       		.byte	0
 1284              		.section	.cyflashprotect,"a",%progbits
 1285              		.align	2
 1286              		.type	cy_meta_flashprotect, %object
 1287              		.size	cy_meta_flashprotect, 256
 1288              	cy_meta_flashprotect:
 1289 0000 00000000 		.space	256
 1289      00000000 
 1289      00000000 
 1289      00000000 
 1289      00000000 
 1290              		.text
 1291              	.Letext0:
 1292              		.file 1 "c:\\program files (x86)\\cypress\\psoc creator\\4.2\\psoc creator\\import\\gnu\\arm\\5.4.
 1293              		.file 2 "c:\\program files (x86)\\cypress\\psoc creator\\4.2\\psoc creator\\import\\gnu\\arm\\5.4.
 1294              		.file 3 "Generated_Source\\PSoC5\\cymetadata.c"
 1295              		.section	.debug_info,"",%progbits
 1296              	.Ldebug_info0:
 1297 0000 32010000 		.4byte	0x132
 1298 0004 0400     		.2byte	0x4
 1299 0006 00000000 		.4byte	.Ldebug_abbrev0
 1300 000a 04       		.byte	0x4
 1301 000b 01       		.uleb128 0x1
 1302 000c 74000000 		.4byte	.LASF17
 1303 0010 0C       		.byte	0xc
 1304 0011 CE010000 		.4byte	.LASF18
 1305 0015 16000000 		.4byte	.LASF19
 1306 0019 00000000 		.4byte	.Ldebug_line0
 1307 001d 02       		.uleb128 0x2
ARM GAS  C:\Users\tmj32\AppData\Local\Temp\ccU2Y7F7.s 			page 24


 1308 001e 01       		.byte	0x1
 1309 001f 06       		.byte	0x6
 1310 0020 C2010000 		.4byte	.LASF0
 1311 0024 03       		.uleb128 0x3
 1312 0025 00000000 		.4byte	.LASF9
 1313 0029 01       		.byte	0x1
 1314 002a 1D       		.byte	0x1d
 1315 002b 2F000000 		.4byte	0x2f
 1316 002f 02       		.uleb128 0x2
 1317 0030 01       		.byte	0x1
 1318 0031 08       		.byte	0x8
 1319 0032 66000000 		.4byte	.LASF1
 1320 0036 02       		.uleb128 0x2
 1321 0037 02       		.byte	0x2
 1322 0038 05       		.byte	0x5
 1323 0039 AF010000 		.4byte	.LASF2
 1324 003d 02       		.uleb128 0x2
 1325 003e 02       		.byte	0x2
 1326 003f 07       		.byte	0x7
 1327 0040 14010000 		.4byte	.LASF3
 1328 0044 02       		.uleb128 0x2
 1329 0045 04       		.byte	0x4
 1330 0046 05       		.byte	0x5
 1331 0047 B9010000 		.4byte	.LASF4
 1332 004b 02       		.uleb128 0x2
 1333 004c 04       		.byte	0x4
 1334 004d 07       		.byte	0x7
 1335 004e 02010000 		.4byte	.LASF5
 1336 0052 02       		.uleb128 0x2
 1337 0053 08       		.byte	0x8
 1338 0054 05       		.byte	0x5
 1339 0055 A1010000 		.4byte	.LASF6
 1340 0059 02       		.uleb128 0x2
 1341 005a 08       		.byte	0x8
 1342 005b 07       		.byte	0x7
 1343 005c 56010000 		.4byte	.LASF7
 1344 0060 04       		.uleb128 0x4
 1345 0061 04       		.byte	0x4
 1346 0062 05       		.byte	0x5
 1347 0063 696E7400 		.ascii	"int\000"
 1348 0067 02       		.uleb128 0x2
 1349 0068 04       		.byte	0x4
 1350 0069 07       		.byte	0x7
 1351 006a 49010000 		.4byte	.LASF8
 1352 006e 03       		.uleb128 0x3
 1353 006f 6D010000 		.4byte	.LASF10
 1354 0073 02       		.byte	0x2
 1355 0074 18       		.byte	0x18
 1356 0075 24000000 		.4byte	0x24
 1357 0079 05       		.uleb128 0x5
 1358 007a 91000000 		.4byte	0x91
 1359 007e 8A000000 		.4byte	0x8a
 1360 0082 06       		.uleb128 0x6
 1361 0083 8A000000 		.4byte	0x8a
 1362 0087 C304     		.2byte	0x4c3
 1363 0089 00       		.byte	0
 1364 008a 02       		.uleb128 0x2
ARM GAS  C:\Users\tmj32\AppData\Local\Temp\ccU2Y7F7.s 			page 25


 1365 008b 04       		.byte	0x4
 1366 008c 07       		.byte	0x7
 1367 008d 98010000 		.4byte	.LASF11
 1368 0091 07       		.uleb128 0x7
 1369 0092 6E000000 		.4byte	0x6e
 1370 0096 08       		.uleb128 0x8
 1371 0097 37010000 		.4byte	.LASF12
 1372 009b 03       		.byte	0x3
 1373 009c 1F       		.byte	0x1f
 1374 009d A7000000 		.4byte	0xa7
 1375 00a1 05       		.uleb128 0x5
 1376 00a2 03       		.byte	0x3
 1377 00a3 00000000 		.4byte	cy_meta_configecc
 1378 00a7 07       		.uleb128 0x7
 1379 00a8 79000000 		.4byte	0x79
 1380 00ac 05       		.uleb128 0x5
 1381 00ad 91000000 		.4byte	0x91
 1382 00b1 BC000000 		.4byte	0xbc
 1383 00b5 09       		.uleb128 0x9
 1384 00b6 8A000000 		.4byte	0x8a
 1385 00ba 03       		.byte	0x3
 1386 00bb 00       		.byte	0
 1387 00bc 08       		.uleb128 0x8
 1388 00bd 27010000 		.4byte	.LASF13
 1389 00c1 03       		.byte	0x3
 1390 00c2 C5       		.byte	0xc5
 1391 00c3 CD000000 		.4byte	0xcd
 1392 00c7 05       		.uleb128 0x5
 1393 00c8 03       		.byte	0x3
 1394 00c9 00000000 		.4byte	cy_meta_custnvl
 1395 00cd 07       		.uleb128 0x7
 1396 00ce AC000000 		.4byte	0xac
 1397 00d2 08       		.uleb128 0x8
 1398 00d3 8A010000 		.4byte	.LASF14
 1399 00d7 03       		.byte	0x3
 1400 00d8 D3       		.byte	0xd3
 1401 00d9 E3000000 		.4byte	0xe3
 1402 00dd 05       		.uleb128 0x5
 1403 00de 03       		.byte	0x3
 1404 00df 00000000 		.4byte	cy_meta_wonvl
 1405 00e3 07       		.uleb128 0x7
 1406 00e4 AC000000 		.4byte	0xac
 1407 00e8 05       		.uleb128 0x5
 1408 00e9 91000000 		.4byte	0x91
 1409 00ed F8000000 		.4byte	0xf8
 1410 00f1 09       		.uleb128 0x9
 1411 00f2 8A000000 		.4byte	0x8a
 1412 00f6 FF       		.byte	0xff
 1413 00f7 00       		.byte	0
 1414 00f8 08       		.uleb128 0x8
 1415 00f9 75010000 		.4byte	.LASF15
 1416 00fd 03       		.byte	0x3
 1417 00fe E1       		.byte	0xe1
 1418 00ff 09010000 		.4byte	0x109
 1419 0103 05       		.uleb128 0x5
 1420 0104 03       		.byte	0x3
 1421 0105 00000000 		.4byte	cy_meta_flashprotect
ARM GAS  C:\Users\tmj32\AppData\Local\Temp\ccU2Y7F7.s 			page 26


 1422 0109 07       		.uleb128 0x7
 1423 010a E8000000 		.4byte	0xe8
 1424 010e 05       		.uleb128 0x5
 1425 010f 91000000 		.4byte	0x91
 1426 0113 1E010000 		.4byte	0x11e
 1427 0117 09       		.uleb128 0x9
 1428 0118 8A000000 		.4byte	0x8a
 1429 011c 0B       		.byte	0xb
 1430 011d 00       		.byte	0
 1431 011e 0A       		.uleb128 0xa
 1432 011f 0A000000 		.4byte	.LASF16
 1433 0123 03       		.byte	0x3
 1434 0124 0E01     		.2byte	0x10e
 1435 0126 30010000 		.4byte	0x130
 1436 012a 05       		.uleb128 0x5
 1437 012b 03       		.byte	0x3
 1438 012c 00000000 		.4byte	cy_metadata
 1439 0130 07       		.uleb128 0x7
 1440 0131 0E010000 		.4byte	0x10e
 1441 0135 00       		.byte	0
 1442              		.section	.debug_abbrev,"",%progbits
 1443              	.Ldebug_abbrev0:
 1444 0000 01       		.uleb128 0x1
 1445 0001 11       		.uleb128 0x11
 1446 0002 01       		.byte	0x1
 1447 0003 25       		.uleb128 0x25
 1448 0004 0E       		.uleb128 0xe
 1449 0005 13       		.uleb128 0x13
 1450 0006 0B       		.uleb128 0xb
 1451 0007 03       		.uleb128 0x3
 1452 0008 0E       		.uleb128 0xe
 1453 0009 1B       		.uleb128 0x1b
 1454 000a 0E       		.uleb128 0xe
 1455 000b 10       		.uleb128 0x10
 1456 000c 17       		.uleb128 0x17
 1457 000d 00       		.byte	0
 1458 000e 00       		.byte	0
 1459 000f 02       		.uleb128 0x2
 1460 0010 24       		.uleb128 0x24
 1461 0011 00       		.byte	0
 1462 0012 0B       		.uleb128 0xb
 1463 0013 0B       		.uleb128 0xb
 1464 0014 3E       		.uleb128 0x3e
 1465 0015 0B       		.uleb128 0xb
 1466 0016 03       		.uleb128 0x3
 1467 0017 0E       		.uleb128 0xe
 1468 0018 00       		.byte	0
 1469 0019 00       		.byte	0
 1470 001a 03       		.uleb128 0x3
 1471 001b 16       		.uleb128 0x16
 1472 001c 00       		.byte	0
 1473 001d 03       		.uleb128 0x3
 1474 001e 0E       		.uleb128 0xe
 1475 001f 3A       		.uleb128 0x3a
 1476 0020 0B       		.uleb128 0xb
 1477 0021 3B       		.uleb128 0x3b
 1478 0022 0B       		.uleb128 0xb
ARM GAS  C:\Users\tmj32\AppData\Local\Temp\ccU2Y7F7.s 			page 27


 1479 0023 49       		.uleb128 0x49
 1480 0024 13       		.uleb128 0x13
 1481 0025 00       		.byte	0
 1482 0026 00       		.byte	0
 1483 0027 04       		.uleb128 0x4
 1484 0028 24       		.uleb128 0x24
 1485 0029 00       		.byte	0
 1486 002a 0B       		.uleb128 0xb
 1487 002b 0B       		.uleb128 0xb
 1488 002c 3E       		.uleb128 0x3e
 1489 002d 0B       		.uleb128 0xb
 1490 002e 03       		.uleb128 0x3
 1491 002f 08       		.uleb128 0x8
 1492 0030 00       		.byte	0
 1493 0031 00       		.byte	0
 1494 0032 05       		.uleb128 0x5
 1495 0033 01       		.uleb128 0x1
 1496 0034 01       		.byte	0x1
 1497 0035 49       		.uleb128 0x49
 1498 0036 13       		.uleb128 0x13
 1499 0037 01       		.uleb128 0x1
 1500 0038 13       		.uleb128 0x13
 1501 0039 00       		.byte	0
 1502 003a 00       		.byte	0
 1503 003b 06       		.uleb128 0x6
 1504 003c 21       		.uleb128 0x21
 1505 003d 00       		.byte	0
 1506 003e 49       		.uleb128 0x49
 1507 003f 13       		.uleb128 0x13
 1508 0040 2F       		.uleb128 0x2f
 1509 0041 05       		.uleb128 0x5
 1510 0042 00       		.byte	0
 1511 0043 00       		.byte	0
 1512 0044 07       		.uleb128 0x7
 1513 0045 26       		.uleb128 0x26
 1514 0046 00       		.byte	0
 1515 0047 49       		.uleb128 0x49
 1516 0048 13       		.uleb128 0x13
 1517 0049 00       		.byte	0
 1518 004a 00       		.byte	0
 1519 004b 08       		.uleb128 0x8
 1520 004c 34       		.uleb128 0x34
 1521 004d 00       		.byte	0
 1522 004e 03       		.uleb128 0x3
 1523 004f 0E       		.uleb128 0xe
 1524 0050 3A       		.uleb128 0x3a
 1525 0051 0B       		.uleb128 0xb
 1526 0052 3B       		.uleb128 0x3b
 1527 0053 0B       		.uleb128 0xb
 1528 0054 49       		.uleb128 0x49
 1529 0055 13       		.uleb128 0x13
 1530 0056 3F       		.uleb128 0x3f
 1531 0057 19       		.uleb128 0x19
 1532 0058 02       		.uleb128 0x2
 1533 0059 18       		.uleb128 0x18
 1534 005a 00       		.byte	0
 1535 005b 00       		.byte	0
ARM GAS  C:\Users\tmj32\AppData\Local\Temp\ccU2Y7F7.s 			page 28


 1536 005c 09       		.uleb128 0x9
 1537 005d 21       		.uleb128 0x21
 1538 005e 00       		.byte	0
 1539 005f 49       		.uleb128 0x49
 1540 0060 13       		.uleb128 0x13
 1541 0061 2F       		.uleb128 0x2f
 1542 0062 0B       		.uleb128 0xb
 1543 0063 00       		.byte	0
 1544 0064 00       		.byte	0
 1545 0065 0A       		.uleb128 0xa
 1546 0066 34       		.uleb128 0x34
 1547 0067 00       		.byte	0
 1548 0068 03       		.uleb128 0x3
 1549 0069 0E       		.uleb128 0xe
 1550 006a 3A       		.uleb128 0x3a
 1551 006b 0B       		.uleb128 0xb
 1552 006c 3B       		.uleb128 0x3b
 1553 006d 05       		.uleb128 0x5
 1554 006e 49       		.uleb128 0x49
 1555 006f 13       		.uleb128 0x13
 1556 0070 3F       		.uleb128 0x3f
 1557 0071 19       		.uleb128 0x19
 1558 0072 02       		.uleb128 0x2
 1559 0073 18       		.uleb128 0x18
 1560 0074 00       		.byte	0
 1561 0075 00       		.byte	0
 1562 0076 00       		.byte	0
 1563              		.section	.debug_aranges,"",%progbits
 1564 0000 14000000 		.4byte	0x14
 1565 0004 0200     		.2byte	0x2
 1566 0006 00000000 		.4byte	.Ldebug_info0
 1567 000a 04       		.byte	0x4
 1568 000b 00       		.byte	0
 1569 000c 0000     		.2byte	0
 1570 000e 0000     		.2byte	0
 1571 0010 00000000 		.4byte	0
 1572 0014 00000000 		.4byte	0
 1573              		.section	.debug_line,"",%progbits
 1574              	.Ldebug_line0:
 1575 0000 3D010000 		.section	.debug_str,"MS",%progbits,1
 1575      02003701 
 1575      00000201 
 1575      FB0E0D00 
 1575      01010101 
 1576              	.LASF9:
 1577 0000 5F5F7569 		.ascii	"__uint8_t\000"
 1577      6E74385F 
 1577      7400
 1578              	.LASF16:
 1579 000a 63795F6D 		.ascii	"cy_metadata\000"
 1579      65746164 
 1579      61746100 
 1580              	.LASF19:
 1581 0016 433A5C55 		.ascii	"C:\\Users\\tmj32\\Documents\\TCNJ\\Current Sem5\\Fi"
 1581      73657273 
 1581      5C746D6A 
 1581      33325C44 
ARM GAS  C:\Users\tmj32\AppData\Local\Temp\ccU2Y7F7.s 			page 29


 1581      6F63756D 
 1582 0043 6E616C70 		.ascii	"nalproj\\Workspace01\\Design01.cydsn\000"
 1582      726F6A5C 
 1582      576F726B 
 1582      73706163 
 1582      6530315C 
 1583              	.LASF1:
 1584 0066 756E7369 		.ascii	"unsigned char\000"
 1584      676E6564 
 1584      20636861 
 1584      7200
 1585              	.LASF17:
 1586 0074 474E5520 		.ascii	"GNU C11 5.4.1 20160609 (release) [ARM/embedded-5-br"
 1586      43313120 
 1586      352E342E 
 1586      31203230 
 1586      31363036 
 1587 00a7 616E6368 		.ascii	"anch revision 237715] -mcpu=cortex-m3 -mthumb -g -O"
 1587      20726576 
 1587      6973696F 
 1587      6E203233 
 1587      37373135 
 1588 00da 67202D66 		.ascii	"g -ffunction-sections -ffat-lto-objects\000"
 1588      66756E63 
 1588      74696F6E 
 1588      2D736563 
 1588      74696F6E 
 1589              	.LASF5:
 1590 0102 6C6F6E67 		.ascii	"long unsigned int\000"
 1590      20756E73 
 1590      69676E65 
 1590      6420696E 
 1590      7400
 1591              	.LASF3:
 1592 0114 73686F72 		.ascii	"short unsigned int\000"
 1592      7420756E 
 1592      7369676E 
 1592      65642069 
 1592      6E7400
 1593              	.LASF13:
 1594 0127 63795F6D 		.ascii	"cy_meta_custnvl\000"
 1594      6574615F 
 1594      63757374 
 1594      6E766C00 
 1595              	.LASF12:
 1596 0137 63795F6D 		.ascii	"cy_meta_configecc\000"
 1596      6574615F 
 1596      636F6E66 
 1596      69676563 
 1596      6300
 1597              	.LASF8:
 1598 0149 756E7369 		.ascii	"unsigned int\000"
 1598      676E6564 
 1598      20696E74 
 1598      00
 1599              	.LASF7:
 1600 0156 6C6F6E67 		.ascii	"long long unsigned int\000"
ARM GAS  C:\Users\tmj32\AppData\Local\Temp\ccU2Y7F7.s 			page 30


 1600      206C6F6E 
 1600      6720756E 
 1600      7369676E 
 1600      65642069 
 1601              	.LASF10:
 1602 016d 75696E74 		.ascii	"uint8_t\000"
 1602      385F7400 
 1603              	.LASF15:
 1604 0175 63795F6D 		.ascii	"cy_meta_flashprotect\000"
 1604      6574615F 
 1604      666C6173 
 1604      6870726F 
 1604      74656374 
 1605              	.LASF14:
 1606 018a 63795F6D 		.ascii	"cy_meta_wonvl\000"
 1606      6574615F 
 1606      776F6E76 
 1606      6C00
 1607              	.LASF11:
 1608 0198 73697A65 		.ascii	"sizetype\000"
 1608      74797065 
 1608      00
 1609              	.LASF6:
 1610 01a1 6C6F6E67 		.ascii	"long long int\000"
 1610      206C6F6E 
 1610      6720696E 
 1610      7400
 1611              	.LASF2:
 1612 01af 73686F72 		.ascii	"short int\000"
 1612      7420696E 
 1612      7400
 1613              	.LASF4:
 1614 01b9 6C6F6E67 		.ascii	"long int\000"
 1614      20696E74 
 1614      00
 1615              	.LASF0:
 1616 01c2 7369676E 		.ascii	"signed char\000"
 1616      65642063 
 1616      68617200 
 1617              	.LASF18:
 1618 01ce 47656E65 		.ascii	"Generated_Source\\PSoC5\\cymetadata.c\000"
 1618      72617465 
 1618      645F536F 
 1618      75726365 
 1618      5C50536F 
 1619              		.ident	"GCC: (GNU Tools for ARM Embedded Processors) 5.4.1 20160609 (release) [ARM/embedded-5-bran
