ARM GAS  C:\Users\tmj32\AppData\Local\Temp\ccip3XFL.s 			page 1


   1              		.syntax unified
   2              		.cpu cortex-m3
   3              		.fpu softvfp
   4              		.eabi_attribute 20, 1
   5              		.eabi_attribute 21, 1
   6              		.eabi_attribute 23, 3
   7              		.eabi_attribute 24, 1
   8              		.eabi_attribute 25, 1
   9              		.eabi_attribute 26, 1
  10              		.eabi_attribute 30, 1
  11              		.eabi_attribute 34, 1
  12              		.eabi_attribute 18, 4
  13              		.thumb
  14              		.syntax unified
  15              		.file	"main.c"
  16              		.text
  17              	.Ltext0:
  18              		.cfi_sections	.debug_frame
  19              		.section	.text.main,"ax",%progbits
  20              		.align	2
  21              		.global	main
  22              		.thumb
  23              		.thumb_func
  24              		.type	main, %function
  25              	main:
  26              	.LFB64:
  27              		.file 1 "main.c"
   1:main.c        **** #include "project.h"
   2:main.c        **** #include "stdio.h"
   3:main.c        **** int main(void)
   4:main.c        **** {
  28              		.loc 1 4 0
  29              		.cfi_startproc
  30              		@ args = 0, pretend = 0, frame = 16
  31              		@ frame_needed = 0, uses_anonymous_args = 0
  32 0000 70B5     		push	{r4, r5, r6, lr}
  33              		.cfi_def_cfa_offset 16
  34              		.cfi_offset 4, -16
  35              		.cfi_offset 5, -12
  36              		.cfi_offset 6, -8
  37              		.cfi_offset 14, -4
  38 0002 84B0     		sub	sp, sp, #16
  39              		.cfi_def_cfa_offset 32
   5:main.c        ****     CyGlobalIntEnable; /* Enable global interrupts. */
  40              		.loc 1 5 0
  41              		.syntax unified
  42              	@ 5 "main.c" 1
  43 0004 62B6     		CPSIE   i
  44              	@ 0 "" 2
   6:main.c        ****     
   7:main.c        ****     LCD_Start();
  45              		.loc 1 7 0
  46              		.thumb
  47              		.syntax unified
  48 0006 FFF7FEFF 		bl	LCD_Start
  49              	.LVL0:
   8:main.c        ****     Driver_Start();     //the tens place of minutes
ARM GAS  C:\Users\tmj32\AppData\Local\Temp\ccip3XFL.s 			page 2


  50              		.loc 1 8 0
  51 000a FFF7FEFF 		bl	Driver_Start
  52              	.LVL1:
   9:main.c        ****     Driver1_Start();    //the ones place of minutes
  53              		.loc 1 9 0
  54 000e FFF7FEFF 		bl	Driver1_Start
  55              	.LVL2:
  10:main.c        ****     //Driver2_Start();    //the tens place of seconds
  11:main.c        ****     //Driver3_Start();    //the ones place of seconds
  12:main.c        ****     LCD_Position(0,0);
  56              		.loc 1 12 0
  57 0012 0021     		movs	r1, #0
  58 0014 0846     		mov	r0, r1
  59 0016 FFF7FEFF 		bl	LCD_Position
  60              	.LVL3:
  13:main.c        ****     LCD_PrintString("Welcome!");
  61              		.loc 1 13 0
  62 001a 6148     		ldr	r0, .L12
  63 001c FFF7FEFF 		bl	LCD_PrintString
  64              	.LVL4:
  14:main.c        ****     CyDelay(1000);
  65              		.loc 1 14 0
  66 0020 4FF47A70 		mov	r0, #1000
  67 0024 FFF7FEFF 		bl	CyDelay
  68              	.LVL5:
  15:main.c        ****     
  16:main.c        ****     int minutes = 0;
  17:main.c        ****     int seconds = 0;
  18:main.c        ****     char str1[15];
  19:main.c        ****     
  20:main.c        ****     LCD_ClearDisplay();
  69              		.loc 1 20 0
  70 0028 0120     		movs	r0, #1
  71 002a FFF7FEFF 		bl	LCD_WriteControl
  72              	.LVL6:
  21:main.c        ****     LCD_Position(0,0);
  73              		.loc 1 21 0
  74 002e 0021     		movs	r1, #0
  75 0030 0846     		mov	r0, r1
  76 0032 FFF7FEFF 		bl	LCD_Position
  77              	.LVL7:
  22:main.c        ****     sprintf(str1, "%d:%d", minutes, seconds);
  78              		.loc 1 22 0
  79 0036 0023     		movs	r3, #0
  80 0038 1A46     		mov	r2, r3
  81 003a 5A49     		ldr	r1, .L12+4
  82 003c 6846     		mov	r0, sp
  83 003e FFF7FEFF 		bl	sprintf
  84              	.LVL8:
  23:main.c        ****     LCD_PrintString(str1);
  85              		.loc 1 23 0
  86 0042 6846     		mov	r0, sp
  87 0044 FFF7FEFF 		bl	LCD_PrintString
  88              	.LVL9:
  24:main.c        ****     
  25:main.c        ****     //setting the inital display to show all zeros
  26:main.c        ****     Driver_Write7SegDigitDec(0, 0);
ARM GAS  C:\Users\tmj32\AppData\Local\Temp\ccip3XFL.s 			page 3


  89              		.loc 1 26 0
  90 0048 0021     		movs	r1, #0
  91 004a 0846     		mov	r0, r1
  92 004c FFF7FEFF 		bl	Driver_Write7SegDigitDec
  93              	.LVL10:
  27:main.c        ****     Driver1_Write7SegDigitDec(0, 0);
  94              		.loc 1 27 0
  95 0050 0021     		movs	r1, #0
  96 0052 0846     		mov	r0, r1
  97 0054 FFF7FEFF 		bl	Driver1_Write7SegDigitDec
  98              	.LVL11:
  17:main.c        ****     char str1[15];
  99              		.loc 1 17 0
 100 0058 0024     		movs	r4, #0
  16:main.c        ****     int seconds = 0;
 101              		.loc 1 16 0
 102 005a 2546     		mov	r5, r4
 103              	.LVL12:
 104              	.L2:
  28:main.c        ****     //Driver2_Write7SegDigitDec(0, 0);
  29:main.c        ****     //Driver3_Write7SegDigitDec(0, 0);
  30:main.c        **** 
  31:main.c        ****     for(;;)
  32:main.c        ****     {
  33:main.c        ****         //Driver_Write7SegDigitDec(9, 0);
  34:main.c        ****         //Driver1_Write7SegDigitDec(7, 0);
  35:main.c        ****         //increment minutes by 1 when button one is pressed
  36:main.c        ****         if (SW_Read() == 0)
 105              		.loc 1 36 0
 106 005c FFF7FEFF 		bl	SW_Read
 107              	.LVL13:
 108 0060 98B9     		cbnz	r0, .L3
  37:main.c        ****         {
  38:main.c        ****             CyDelay(100);
 109              		.loc 1 38 0
 110 0062 6420     		movs	r0, #100
 111 0064 FFF7FEFF 		bl	CyDelay
 112              	.LVL14:
  39:main.c        ****             //while(SW_Read() != 1)   //while loop to remove bounce
  40:main.c        ****             //{
  41:main.c        ****                 LCD_ClearDisplay();
 113              		.loc 1 41 0
 114 0068 0120     		movs	r0, #1
 115 006a FFF7FEFF 		bl	LCD_WriteControl
 116              	.LVL15:
  42:main.c        ****                 LCD_Position(0,0);
 117              		.loc 1 42 0
 118 006e 0021     		movs	r1, #0
 119 0070 0846     		mov	r0, r1
 120 0072 FFF7FEFF 		bl	LCD_Position
 121              	.LVL16:
  43:main.c        ****              
  44:main.c        ****                 minutes = minutes + 1;
 122              		.loc 1 44 0
 123 0076 0135     		adds	r5, r5, #1
 124              	.LVL17:
  45:main.c        ****                 sprintf(str1, "%d:%d", minutes, seconds);
ARM GAS  C:\Users\tmj32\AppData\Local\Temp\ccip3XFL.s 			page 4


 125              		.loc 1 45 0
 126 0078 2346     		mov	r3, r4
 127 007a 2A46     		mov	r2, r5
 128 007c 4949     		ldr	r1, .L12+4
 129 007e 6846     		mov	r0, sp
 130 0080 FFF7FEFF 		bl	sprintf
 131              	.LVL18:
  46:main.c        ****                 LCD_PrintString(str1);
 132              		.loc 1 46 0
 133 0084 6846     		mov	r0, sp
 134 0086 FFF7FEFF 		bl	LCD_PrintString
 135              	.LVL19:
 136              	.L3:
  47:main.c        ****                 
  48:main.c        ****                 //if (minutes < 10)
  49:main.c        ****                 //{
  50:main.c        ****                     //Driver_Write7SegDigitDec(0, 0);
  51:main.c        ****                     //Driver1_Write7SegDigitDec(minutes, 0);
  52:main.c        ****                 //}
  53:main.c        ****                 //else //when double digits
  54:main.c        ****                 //{
  55:main.c        ****                     //Driver_Write7SegDigitDec((minutes / 10), 0); //shift out the ones place to be
  56:main.c        ****                     //Driver1_Write7SegDigitDec((minutes % 10), 0); //modulo by 10 to be left with 
  57:main.c        ****                 //}    
  58:main.c        ****             //}
  59:main.c        ****         }
  60:main.c        **** 
  61:main.c        ****         //increment seconds by 1 when button two is pressed
  62:main.c        ****         if (SW2_Read() == 0)
 137              		.loc 1 62 0
 138 008a FFF7FEFF 		bl	SW2_Read
 139              	.LVL20:
 140 008e A0BB     		cbnz	r0, .L4
  63:main.c        ****         {
  64:main.c        ****             CyDelay(100);
 141              		.loc 1 64 0
 142 0090 6420     		movs	r0, #100
 143 0092 FFF7FEFF 		bl	CyDelay
 144              	.LVL21:
  65:main.c        ****             //while(SW2_Read() != 1)  //while loop to remove bounce
  66:main.c        ****             //{
  67:main.c        ****                 LCD_ClearDisplay();
 145              		.loc 1 67 0
 146 0096 0120     		movs	r0, #1
 147 0098 FFF7FEFF 		bl	LCD_WriteControl
 148              	.LVL22:
  68:main.c        ****                 LCD_Position(0,0);
 149              		.loc 1 68 0
 150 009c 0021     		movs	r1, #0
 151 009e 0846     		mov	r0, r1
 152 00a0 FFF7FEFF 		bl	LCD_Position
 153              	.LVL23:
  69:main.c        **** 
  70:main.c        ****                 if (seconds >= 60)
 154              		.loc 1 70 0
 155 00a4 3B2C     		cmp	r4, #59
 156 00a6 01DD     		ble	.L5
ARM GAS  C:\Users\tmj32\AppData\Local\Temp\ccip3XFL.s 			page 5


 157              	.LVL24:
  71:main.c        ****                 {
  72:main.c        ****                     seconds = 0;
  73:main.c        ****                     minutes = minutes + 1;
 158              		.loc 1 73 0
 159 00a8 0135     		adds	r5, r5, #1
 160              	.LVL25:
  72:main.c        ****                     minutes = minutes + 1;
 161              		.loc 1 72 0
 162 00aa 0024     		movs	r4, #0
 163              	.LVL26:
 164              	.L5:
  74:main.c        ****                 }   
  75:main.c        **** 
  76:main.c        ****                 seconds = seconds + 1;
 165              		.loc 1 76 0
 166 00ac 0134     		adds	r4, r4, #1
 167              	.LVL27:
  77:main.c        ****                 sprintf(str1, "%d:%d", minutes, seconds);
 168              		.loc 1 77 0
 169 00ae 2346     		mov	r3, r4
 170 00b0 2A46     		mov	r2, r5
 171 00b2 3C49     		ldr	r1, .L12+4
 172 00b4 6846     		mov	r0, sp
 173 00b6 FFF7FEFF 		bl	sprintf
 174              	.LVL28:
  78:main.c        ****                 LCD_PrintString(str1);
 175              		.loc 1 78 0
 176 00ba 6846     		mov	r0, sp
 177 00bc FFF7FEFF 		bl	LCD_PrintString
 178              	.LVL29:
  79:main.c        ****                 
  80:main.c        ****                 if (seconds < 10)
 179              		.loc 1 80 0
 180 00c0 092C     		cmp	r4, #9
 181 00c2 08DC     		bgt	.L6
  81:main.c        ****                 {
  82:main.c        ****                     Driver_Write7SegDigitDec(0, 0);
 182              		.loc 1 82 0
 183 00c4 0021     		movs	r1, #0
 184 00c6 0846     		mov	r0, r1
 185 00c8 FFF7FEFF 		bl	Driver_Write7SegDigitDec
 186              	.LVL30:
  83:main.c        ****                     Driver1_Write7SegDigitDec(seconds, 0);
 187              		.loc 1 83 0
 188 00cc 0021     		movs	r1, #0
 189 00ce E0B2     		uxtb	r0, r4
 190 00d0 FFF7FEFF 		bl	Driver1_Write7SegDigitDec
 191              	.LVL31:
 192 00d4 11E0     		b	.L4
 193              	.L6:
  84:main.c        ****                 }
  85:main.c        ****                 else //when double digits
  86:main.c        ****                 {            
  87:main.c        ****                     Driver_Write7SegDigitDec((seconds / 10), 0); //shift out the ones place to be l
 194              		.loc 1 87 0
 195 00d6 344E     		ldr	r6, .L12+8
ARM GAS  C:\Users\tmj32\AppData\Local\Temp\ccip3XFL.s 			page 6


 196 00d8 86FB0436 		smull	r3, r6, r6, r4
 197 00dc E317     		asrs	r3, r4, #31
 198 00de C3EBA606 		rsb	r6, r3, r6, asr #2
 199 00e2 0021     		movs	r1, #0
 200 00e4 F0B2     		uxtb	r0, r6
 201 00e6 FFF7FEFF 		bl	Driver_Write7SegDigitDec
 202              	.LVL32:
  88:main.c        ****                     Driver1_Write7SegDigitDec((seconds % 10), 0); //modulo by 10 to be left with th
 203              		.loc 1 88 0
 204 00ea 06EB8606 		add	r6, r6, r6, lsl #2
 205 00ee 7000     		lsls	r0, r6, #1
 206 00f0 201A     		subs	r0, r4, r0
 207 00f2 0021     		movs	r1, #0
 208 00f4 C0B2     		uxtb	r0, r0
 209 00f6 FFF7FEFF 		bl	Driver1_Write7SegDigitDec
 210              	.LVL33:
 211              	.L4:
  89:main.c        ****                 }      
  90:main.c        ****             //}
  91:main.c        ****         }
  92:main.c        ****         
  93:main.c        ****         CyDelay(50);
 212              		.loc 1 93 0
 213 00fa 3220     		movs	r0, #50
 214 00fc FFF7FEFF 		bl	CyDelay
 215              	.LVL34:
  94:main.c        ****         
  95:main.c        ****         //this is the count down section of the code
  96:main.c        ****         if ((SW_Read() != 0) && (SW2_Read() != 0) && ((seconds > 0) || (minutes > 0)))
 216              		.loc 1 96 0
 217 0100 FFF7FEFF 		bl	SW_Read
 218              	.LVL35:
 219 0104 0028     		cmp	r0, #0
 220 0106 A9D0     		beq	.L2
 221              		.loc 1 96 0 is_stmt 0 discriminator 1
 222 0108 FFF7FEFF 		bl	SW2_Read
 223              	.LVL36:
 224 010c 0028     		cmp	r0, #0
 225 010e A5D0     		beq	.L2
 226              		.loc 1 96 0 discriminator 2
 227 0110 002C     		cmp	r4, #0
 228 0112 01DC     		bgt	.L8
 229              		.loc 1 96 0 discriminator 3
 230 0114 002D     		cmp	r5, #0
 231 0116 A1DD     		ble	.L2
 232              	.L8:
  97:main.c        ****         {
  98:main.c        ****             //begin countdown
  99:main.c        ****             CyDelay(1000);
 233              		.loc 1 99 0 is_stmt 1
 234 0118 4FF47A70 		mov	r0, #1000
 235 011c FFF7FEFF 		bl	CyDelay
 236              	.LVL37:
 100:main.c        ****             //this decrements the minutes every 60 seconds
 101:main.c        ****             if (seconds == 0)
 237              		.loc 1 101 0
 238 0120 84B9     		cbnz	r4, .L9
ARM GAS  C:\Users\tmj32\AppData\Local\Temp\ccip3XFL.s 			page 7


 102:main.c        ****             {
 103:main.c        ****                 if (minutes > 0)
 239              		.loc 1 103 0
 240 0122 002D     		cmp	r5, #0
 241 0124 9ADD     		ble	.L2
 104:main.c        ****                 {
 105:main.c        ****                     minutes = minutes - 1;
 242              		.loc 1 105 0
 243 0126 013D     		subs	r5, r5, #1
 244              	.LVL38:
 106:main.c        ****                     seconds = 59;
 107:main.c        ****                     LCD_ClearDisplay();
 245              		.loc 1 107 0
 246 0128 0120     		movs	r0, #1
 247 012a FFF7FEFF 		bl	LCD_WriteControl
 248              	.LVL39:
 108:main.c        ****                     sprintf(str1, "%d:%d", minutes, seconds);
 249              		.loc 1 108 0
 250 012e 3B23     		movs	r3, #59
 251 0130 2A46     		mov	r2, r5
 252 0132 1C49     		ldr	r1, .L12+4
 253 0134 6846     		mov	r0, sp
 254 0136 FFF7FEFF 		bl	sprintf
 255              	.LVL40:
 109:main.c        ****                     LCD_PrintString(str1);
 256              		.loc 1 109 0
 257 013a 6846     		mov	r0, sp
 258 013c FFF7FEFF 		bl	LCD_PrintString
 259              	.LVL41:
 106:main.c        ****                     seconds = 59;
 260              		.loc 1 106 0
 261 0140 3B24     		movs	r4, #59
 262 0142 8BE7     		b	.L2
 263              	.LVL42:
 264              	.L9:
 110:main.c        ****                     
 111:main.c        ****                     //if (minutes < 10)
 112:main.c        ****                     //{
 113:main.c        ****                         //Driver_Write7SegDigitDec(0, 0);
 114:main.c        ****                         //Driver1_Write7SegDigitDec(minutes, 0);
 115:main.c        ****                     //}
 116:main.c        ****                     //else //when double digits
 117:main.c        ****                     //{
 118:main.c        ****                         //Driver_Write7SegDigitDec((minutes >> 1), 0); //shift out the ones place t
 119:main.c        ****                         //Driver1_Write7SegDigitDec((minutes % 10), 0); //modulo by 10 to be left w
 120:main.c        ****                     //}   
 121:main.c        ****                 }
 122:main.c        ****             }
 123:main.c        ****             
 124:main.c        ****             //this decrements the seconds every second
 125:main.c        ****             else
 126:main.c        ****             {
 127:main.c        ****                 if (seconds > 0)
 265              		.loc 1 127 0
 266 0144 002C     		cmp	r4, #0
 267 0146 89DD     		ble	.L2
 128:main.c        ****                 {
ARM GAS  C:\Users\tmj32\AppData\Local\Temp\ccip3XFL.s 			page 8


 129:main.c        ****                     seconds = seconds - 1;
 268              		.loc 1 129 0
 269 0148 013C     		subs	r4, r4, #1
 270              	.LVL43:
 130:main.c        ****                     LCD_ClearDisplay();
 271              		.loc 1 130 0
 272 014a 0120     		movs	r0, #1
 273 014c FFF7FEFF 		bl	LCD_WriteControl
 274              	.LVL44:
 131:main.c        ****                     sprintf(str1, "%d:%d", minutes, seconds);
 275              		.loc 1 131 0
 276 0150 2346     		mov	r3, r4
 277 0152 2A46     		mov	r2, r5
 278 0154 1349     		ldr	r1, .L12+4
 279 0156 6846     		mov	r0, sp
 280 0158 FFF7FEFF 		bl	sprintf
 281              	.LVL45:
 132:main.c        ****                     LCD_PrintString(str1);
 282              		.loc 1 132 0
 283 015c 6846     		mov	r0, sp
 284 015e FFF7FEFF 		bl	LCD_PrintString
 285              	.LVL46:
 133:main.c        ****                     
 134:main.c        ****                     if (seconds < 10)
 286              		.loc 1 134 0
 287 0162 092C     		cmp	r4, #9
 288 0164 08DC     		bgt	.L10
 135:main.c        ****                     {
 136:main.c        ****                         Driver_Write7SegDigitDec(0, 0);
 289              		.loc 1 136 0
 290 0166 0021     		movs	r1, #0
 291 0168 0846     		mov	r0, r1
 292 016a FFF7FEFF 		bl	Driver_Write7SegDigitDec
 293              	.LVL47:
 137:main.c        ****                         Driver1_Write7SegDigitDec(seconds, 0);
 294              		.loc 1 137 0
 295 016e 0021     		movs	r1, #0
 296 0170 E0B2     		uxtb	r0, r4
 297 0172 FFF7FEFF 		bl	Driver1_Write7SegDigitDec
 298              	.LVL48:
 299 0176 71E7     		b	.L2
 300              	.L10:
 138:main.c        ****                     }
 139:main.c        ****                     else //when double digits
 140:main.c        ****                     {            
 141:main.c        ****                         Driver_Write7SegDigitDec((seconds / 10), 0); //shift out the ones place to 
 301              		.loc 1 141 0
 302 0178 0B4E     		ldr	r6, .L12+8
 303 017a 86FB0436 		smull	r3, r6, r6, r4
 304 017e E317     		asrs	r3, r4, #31
 305 0180 C3EBA606 		rsb	r6, r3, r6, asr #2
 306 0184 0021     		movs	r1, #0
 307 0186 F0B2     		uxtb	r0, r6
 308 0188 FFF7FEFF 		bl	Driver_Write7SegDigitDec
 309              	.LVL49:
 142:main.c        ****                         Driver1_Write7SegDigitDec((seconds % 10), 0); //modulo by 10 to be left wit
 310              		.loc 1 142 0
ARM GAS  C:\Users\tmj32\AppData\Local\Temp\ccip3XFL.s 			page 9


 311 018c 06EB8606 		add	r6, r6, r6, lsl #2
 312 0190 7000     		lsls	r0, r6, #1
 313 0192 201A     		subs	r0, r4, r0
 314 0194 0021     		movs	r1, #0
 315 0196 C0B2     		uxtb	r0, r0
 316 0198 FFF7FEFF 		bl	Driver1_Write7SegDigitDec
 317              	.LVL50:
 318 019c 5EE7     		b	.L2
 319              	.L13:
 320 019e 00BF     		.align	2
 321              	.L12:
 322 01a0 00000000 		.word	.LC0
 323 01a4 0C000000 		.word	.LC1
 324 01a8 67666666 		.word	1717986919
 325              		.cfi_endproc
 326              	.LFE64:
 327              		.size	main, .-main
 328              		.section	.rodata.str1.4,"aMS",%progbits,1
 329              		.align	2
 330              	.LC0:
 331 0000 57656C63 		.ascii	"Welcome!\000"
 331      6F6D6521 
 331      00
 332 0009 000000   		.space	3
 333              	.LC1:
 334 000c 25643A25 		.ascii	"%d:%d\000"
 334      6400
 335              		.text
 336              	.Letext0:
 337              		.file 2 "c:\\program files (x86)\\cypress\\psoc creator\\4.2\\psoc creator\\import\\gnu\\arm\\5.4.
 338              		.file 3 "c:\\program files (x86)\\cypress\\psoc creator\\4.2\\psoc creator\\import\\gnu\\arm\\5.4.
 339              		.file 4 "Generated_Source\\PSoC5/LCD.h"
 340              		.file 5 "Generated_Source\\PSoC5/Driver.h"
 341              		.file 6 "Generated_Source\\PSoC5/Driver1.h"
 342              		.file 7 "Generated_Source\\PSoC5/CyLib.h"
 343              		.file 8 "c:\\program files (x86)\\cypress\\psoc creator\\4.2\\psoc creator\\import\\gnu\\arm\\5.4.
 344              		.file 9 "Generated_Source\\PSoC5/SW.h"
 345              		.file 10 "Generated_Source\\PSoC5/SW2.h"
 346              		.file 11 "Generated_Source\\PSoC5/core_cm3.h"
 347              		.section	.debug_info,"",%progbits
 348              	.Ldebug_info0:
 349 0000 32050000 		.4byte	0x532
 350 0004 0400     		.2byte	0x4
 351 0006 00000000 		.4byte	.Ldebug_abbrev0
 352 000a 04       		.byte	0x4
 353 000b 01       		.uleb128 0x1
 354 000c CD000000 		.4byte	.LASF31
 355 0010 0C       		.byte	0xc
 356 0011 16020000 		.4byte	.LASF32
 357 0015 45000000 		.4byte	.LASF33
 358 0019 00000000 		.4byte	.Ldebug_ranges0+0
 359 001d 00000000 		.4byte	0
 360 0021 00000000 		.4byte	.Ldebug_line0
 361 0025 02       		.uleb128 0x2
 362 0026 01       		.byte	0x1
 363 0027 06       		.byte	0x6
 364 0028 41020000 		.4byte	.LASF0
ARM GAS  C:\Users\tmj32\AppData\Local\Temp\ccip3XFL.s 			page 10


 365 002c 02       		.uleb128 0x2
 366 002d 01       		.byte	0x1
 367 002e 08       		.byte	0x8
 368 002f BF000000 		.4byte	.LASF1
 369 0033 02       		.uleb128 0x2
 370 0034 02       		.byte	0x2
 371 0035 05       		.byte	0x5
 372 0036 22020000 		.4byte	.LASF2
 373 003a 02       		.uleb128 0x2
 374 003b 02       		.byte	0x2
 375 003c 07       		.byte	0x7
 376 003d 6D010000 		.4byte	.LASF3
 377 0041 03       		.uleb128 0x3
 378 0042 1A000000 		.4byte	.LASF9
 379 0046 02       		.byte	0x2
 380 0047 3F       		.byte	0x3f
 381 0048 4C000000 		.4byte	0x4c
 382 004c 02       		.uleb128 0x2
 383 004d 04       		.byte	0x4
 384 004e 05       		.byte	0x5
 385 004f 2C020000 		.4byte	.LASF4
 386 0053 02       		.uleb128 0x2
 387 0054 04       		.byte	0x4
 388 0055 07       		.byte	0x7
 389 0056 5B010000 		.4byte	.LASF5
 390 005a 02       		.uleb128 0x2
 391 005b 08       		.byte	0x8
 392 005c 05       		.byte	0x5
 393 005d 00020000 		.4byte	.LASF6
 394 0061 02       		.uleb128 0x2
 395 0062 08       		.byte	0x8
 396 0063 07       		.byte	0x7
 397 0064 BB010000 		.4byte	.LASF7
 398 0068 04       		.uleb128 0x4
 399 0069 04       		.byte	0x4
 400 006a 05       		.byte	0x5
 401 006b 696E7400 		.ascii	"int\000"
 402 006f 02       		.uleb128 0x2
 403 0070 04       		.byte	0x4
 404 0071 07       		.byte	0x7
 405 0072 AE010000 		.4byte	.LASF8
 406 0076 03       		.uleb128 0x3
 407 0077 EF010000 		.4byte	.LASF10
 408 007b 03       		.byte	0x3
 409 007c 2C       		.byte	0x2c
 410 007d 41000000 		.4byte	0x41
 411 0081 02       		.uleb128 0x2
 412 0082 04       		.byte	0x4
 413 0083 04       		.byte	0x4
 414 0084 AF000000 		.4byte	.LASF11
 415 0088 02       		.uleb128 0x2
 416 0089 08       		.byte	0x8
 417 008a 04       		.byte	0x4
 418 008b 8D010000 		.4byte	.LASF12
 419 008f 02       		.uleb128 0x2
 420 0090 01       		.byte	0x1
 421 0091 08       		.byte	0x8
ARM GAS  C:\Users\tmj32\AppData\Local\Temp\ccip3XFL.s 			page 11


 422 0092 1D020000 		.4byte	.LASF13
 423 0096 02       		.uleb128 0x2
 424 0097 04       		.byte	0x4
 425 0098 07       		.byte	0x7
 426 0099 F7010000 		.4byte	.LASF14
 427 009d 02       		.uleb128 0x2
 428 009e 08       		.byte	0x8
 429 009f 04       		.byte	0x4
 430 00a0 35020000 		.4byte	.LASF15
 431 00a4 05       		.uleb128 0x5
 432 00a5 A9010000 		.4byte	.LASF34
 433 00a9 01       		.byte	0x1
 434 00aa 03       		.byte	0x3
 435 00ab 68000000 		.4byte	0x68
 436 00af 00000000 		.4byte	.LFB64
 437 00b3 AC010000 		.4byte	.LFE64-.LFB64
 438 00b7 01       		.uleb128 0x1
 439 00b8 9C       		.byte	0x9c
 440 00b9 90040000 		.4byte	0x490
 441 00bd 06       		.uleb128 0x6
 442 00be 24000000 		.4byte	.LASF16
 443 00c2 01       		.byte	0x1
 444 00c3 10       		.byte	0x10
 445 00c4 68000000 		.4byte	0x68
 446 00c8 00000000 		.4byte	.LLST0
 447 00cc 06       		.uleb128 0x6
 448 00cd 0E020000 		.4byte	.LASF17
 449 00d1 01       		.byte	0x1
 450 00d2 11       		.byte	0x11
 451 00d3 68000000 		.4byte	0x68
 452 00d7 1F000000 		.4byte	.LLST1
 453 00db 07       		.uleb128 0x7
 454 00dc 94010000 		.4byte	.LASF18
 455 00e0 01       		.byte	0x1
 456 00e1 12       		.byte	0x12
 457 00e2 90040000 		.4byte	0x490
 458 00e6 02       		.uleb128 0x2
 459 00e7 91       		.byte	0x91
 460 00e8 60       		.sleb128 -32
 461 00e9 08       		.uleb128 0x8
 462 00ea 0A000000 		.4byte	.LVL0
 463 00ee B1040000 		.4byte	0x4b1
 464 00f2 08       		.uleb128 0x8
 465 00f3 0E000000 		.4byte	.LVL1
 466 00f7 BC040000 		.4byte	0x4bc
 467 00fb 08       		.uleb128 0x8
 468 00fc 12000000 		.4byte	.LVL2
 469 0100 C7040000 		.4byte	0x4c7
 470 0104 09       		.uleb128 0x9
 471 0105 1A000000 		.4byte	.LVL3
 472 0109 D2040000 		.4byte	0x4d2
 473 010d 1C010000 		.4byte	0x11c
 474 0111 0A       		.uleb128 0xa
 475 0112 01       		.uleb128 0x1
 476 0113 50       		.byte	0x50
 477 0114 01       		.uleb128 0x1
 478 0115 30       		.byte	0x30
ARM GAS  C:\Users\tmj32\AppData\Local\Temp\ccip3XFL.s 			page 12


 479 0116 0A       		.uleb128 0xa
 480 0117 01       		.uleb128 0x1
 481 0118 51       		.byte	0x51
 482 0119 01       		.uleb128 0x1
 483 011a 30       		.byte	0x30
 484 011b 00       		.byte	0
 485 011c 09       		.uleb128 0x9
 486 011d 20000000 		.4byte	.LVL4
 487 0121 DD040000 		.4byte	0x4dd
 488 0125 33010000 		.4byte	0x133
 489 0129 0A       		.uleb128 0xa
 490 012a 01       		.uleb128 0x1
 491 012b 50       		.byte	0x50
 492 012c 05       		.uleb128 0x5
 493 012d 03       		.byte	0x3
 494 012e 00000000 		.4byte	.LC0
 495 0132 00       		.byte	0
 496 0133 09       		.uleb128 0x9
 497 0134 28000000 		.4byte	.LVL5
 498 0138 E8040000 		.4byte	0x4e8
 499 013c 48010000 		.4byte	0x148
 500 0140 0A       		.uleb128 0xa
 501 0141 01       		.uleb128 0x1
 502 0142 50       		.byte	0x50
 503 0143 03       		.uleb128 0x3
 504 0144 0A       		.byte	0xa
 505 0145 E803     		.2byte	0x3e8
 506 0147 00       		.byte	0
 507 0148 09       		.uleb128 0x9
 508 0149 2E000000 		.4byte	.LVL6
 509 014d F3040000 		.4byte	0x4f3
 510 0151 5B010000 		.4byte	0x15b
 511 0155 0A       		.uleb128 0xa
 512 0156 01       		.uleb128 0x1
 513 0157 50       		.byte	0x50
 514 0158 01       		.uleb128 0x1
 515 0159 31       		.byte	0x31
 516 015a 00       		.byte	0
 517 015b 09       		.uleb128 0x9
 518 015c 36000000 		.4byte	.LVL7
 519 0160 D2040000 		.4byte	0x4d2
 520 0164 73010000 		.4byte	0x173
 521 0168 0A       		.uleb128 0xa
 522 0169 01       		.uleb128 0x1
 523 016a 50       		.byte	0x50
 524 016b 01       		.uleb128 0x1
 525 016c 30       		.byte	0x30
 526 016d 0A       		.uleb128 0xa
 527 016e 01       		.uleb128 0x1
 528 016f 51       		.byte	0x51
 529 0170 01       		.uleb128 0x1
 530 0171 30       		.byte	0x30
 531 0172 00       		.byte	0
 532 0173 09       		.uleb128 0x9
 533 0174 42000000 		.4byte	.LVL8
 534 0178 FE040000 		.4byte	0x4fe
 535 017c 9A010000 		.4byte	0x19a
ARM GAS  C:\Users\tmj32\AppData\Local\Temp\ccip3XFL.s 			page 13


 536 0180 0A       		.uleb128 0xa
 537 0181 01       		.uleb128 0x1
 538 0182 50       		.byte	0x50
 539 0183 02       		.uleb128 0x2
 540 0184 7D       		.byte	0x7d
 541 0185 00       		.sleb128 0
 542 0186 0A       		.uleb128 0xa
 543 0187 01       		.uleb128 0x1
 544 0188 51       		.byte	0x51
 545 0189 05       		.uleb128 0x5
 546 018a 03       		.byte	0x3
 547 018b 0C000000 		.4byte	.LC1
 548 018f 0A       		.uleb128 0xa
 549 0190 01       		.uleb128 0x1
 550 0191 52       		.byte	0x52
 551 0192 01       		.uleb128 0x1
 552 0193 30       		.byte	0x30
 553 0194 0A       		.uleb128 0xa
 554 0195 01       		.uleb128 0x1
 555 0196 53       		.byte	0x53
 556 0197 01       		.uleb128 0x1
 557 0198 30       		.byte	0x30
 558 0199 00       		.byte	0
 559 019a 09       		.uleb128 0x9
 560 019b 48000000 		.4byte	.LVL9
 561 019f DD040000 		.4byte	0x4dd
 562 01a3 AE010000 		.4byte	0x1ae
 563 01a7 0A       		.uleb128 0xa
 564 01a8 01       		.uleb128 0x1
 565 01a9 50       		.byte	0x50
 566 01aa 02       		.uleb128 0x2
 567 01ab 7D       		.byte	0x7d
 568 01ac 00       		.sleb128 0
 569 01ad 00       		.byte	0
 570 01ae 09       		.uleb128 0x9
 571 01af 50000000 		.4byte	.LVL10
 572 01b3 09050000 		.4byte	0x509
 573 01b7 C6010000 		.4byte	0x1c6
 574 01bb 0A       		.uleb128 0xa
 575 01bc 01       		.uleb128 0x1
 576 01bd 50       		.byte	0x50
 577 01be 01       		.uleb128 0x1
 578 01bf 30       		.byte	0x30
 579 01c0 0A       		.uleb128 0xa
 580 01c1 01       		.uleb128 0x1
 581 01c2 51       		.byte	0x51
 582 01c3 01       		.uleb128 0x1
 583 01c4 30       		.byte	0x30
 584 01c5 00       		.byte	0
 585 01c6 09       		.uleb128 0x9
 586 01c7 58000000 		.4byte	.LVL11
 587 01cb 14050000 		.4byte	0x514
 588 01cf DE010000 		.4byte	0x1de
 589 01d3 0A       		.uleb128 0xa
 590 01d4 01       		.uleb128 0x1
 591 01d5 50       		.byte	0x50
 592 01d6 01       		.uleb128 0x1
ARM GAS  C:\Users\tmj32\AppData\Local\Temp\ccip3XFL.s 			page 14


 593 01d7 30       		.byte	0x30
 594 01d8 0A       		.uleb128 0xa
 595 01d9 01       		.uleb128 0x1
 596 01da 51       		.byte	0x51
 597 01db 01       		.uleb128 0x1
 598 01dc 30       		.byte	0x30
 599 01dd 00       		.byte	0
 600 01de 08       		.uleb128 0x8
 601 01df 60000000 		.4byte	.LVL13
 602 01e3 1F050000 		.4byte	0x51f
 603 01e7 09       		.uleb128 0x9
 604 01e8 68000000 		.4byte	.LVL14
 605 01ec E8040000 		.4byte	0x4e8
 606 01f0 FB010000 		.4byte	0x1fb
 607 01f4 0A       		.uleb128 0xa
 608 01f5 01       		.uleb128 0x1
 609 01f6 50       		.byte	0x50
 610 01f7 02       		.uleb128 0x2
 611 01f8 08       		.byte	0x8
 612 01f9 64       		.byte	0x64
 613 01fa 00       		.byte	0
 614 01fb 09       		.uleb128 0x9
 615 01fc 6E000000 		.4byte	.LVL15
 616 0200 F3040000 		.4byte	0x4f3
 617 0204 0E020000 		.4byte	0x20e
 618 0208 0A       		.uleb128 0xa
 619 0209 01       		.uleb128 0x1
 620 020a 50       		.byte	0x50
 621 020b 01       		.uleb128 0x1
 622 020c 31       		.byte	0x31
 623 020d 00       		.byte	0
 624 020e 09       		.uleb128 0x9
 625 020f 76000000 		.4byte	.LVL16
 626 0213 D2040000 		.4byte	0x4d2
 627 0217 26020000 		.4byte	0x226
 628 021b 0A       		.uleb128 0xa
 629 021c 01       		.uleb128 0x1
 630 021d 50       		.byte	0x50
 631 021e 01       		.uleb128 0x1
 632 021f 30       		.byte	0x30
 633 0220 0A       		.uleb128 0xa
 634 0221 01       		.uleb128 0x1
 635 0222 51       		.byte	0x51
 636 0223 01       		.uleb128 0x1
 637 0224 30       		.byte	0x30
 638 0225 00       		.byte	0
 639 0226 09       		.uleb128 0x9
 640 0227 84000000 		.4byte	.LVL18
 641 022b FE040000 		.4byte	0x4fe
 642 022f 4F020000 		.4byte	0x24f
 643 0233 0A       		.uleb128 0xa
 644 0234 01       		.uleb128 0x1
 645 0235 50       		.byte	0x50
 646 0236 02       		.uleb128 0x2
 647 0237 7D       		.byte	0x7d
 648 0238 00       		.sleb128 0
 649 0239 0A       		.uleb128 0xa
ARM GAS  C:\Users\tmj32\AppData\Local\Temp\ccip3XFL.s 			page 15


 650 023a 01       		.uleb128 0x1
 651 023b 51       		.byte	0x51
 652 023c 05       		.uleb128 0x5
 653 023d 03       		.byte	0x3
 654 023e 0C000000 		.4byte	.LC1
 655 0242 0A       		.uleb128 0xa
 656 0243 01       		.uleb128 0x1
 657 0244 52       		.byte	0x52
 658 0245 02       		.uleb128 0x2
 659 0246 75       		.byte	0x75
 660 0247 00       		.sleb128 0
 661 0248 0A       		.uleb128 0xa
 662 0249 01       		.uleb128 0x1
 663 024a 53       		.byte	0x53
 664 024b 02       		.uleb128 0x2
 665 024c 74       		.byte	0x74
 666 024d 00       		.sleb128 0
 667 024e 00       		.byte	0
 668 024f 09       		.uleb128 0x9
 669 0250 8A000000 		.4byte	.LVL19
 670 0254 DD040000 		.4byte	0x4dd
 671 0258 63020000 		.4byte	0x263
 672 025c 0A       		.uleb128 0xa
 673 025d 01       		.uleb128 0x1
 674 025e 50       		.byte	0x50
 675 025f 02       		.uleb128 0x2
 676 0260 7D       		.byte	0x7d
 677 0261 00       		.sleb128 0
 678 0262 00       		.byte	0
 679 0263 08       		.uleb128 0x8
 680 0264 8E000000 		.4byte	.LVL20
 681 0268 2A050000 		.4byte	0x52a
 682 026c 09       		.uleb128 0x9
 683 026d 96000000 		.4byte	.LVL21
 684 0271 E8040000 		.4byte	0x4e8
 685 0275 80020000 		.4byte	0x280
 686 0279 0A       		.uleb128 0xa
 687 027a 01       		.uleb128 0x1
 688 027b 50       		.byte	0x50
 689 027c 02       		.uleb128 0x2
 690 027d 08       		.byte	0x8
 691 027e 64       		.byte	0x64
 692 027f 00       		.byte	0
 693 0280 09       		.uleb128 0x9
 694 0281 9C000000 		.4byte	.LVL22
 695 0285 F3040000 		.4byte	0x4f3
 696 0289 93020000 		.4byte	0x293
 697 028d 0A       		.uleb128 0xa
 698 028e 01       		.uleb128 0x1
 699 028f 50       		.byte	0x50
 700 0290 01       		.uleb128 0x1
 701 0291 31       		.byte	0x31
 702 0292 00       		.byte	0
 703 0293 09       		.uleb128 0x9
 704 0294 A4000000 		.4byte	.LVL23
 705 0298 D2040000 		.4byte	0x4d2
 706 029c AB020000 		.4byte	0x2ab
ARM GAS  C:\Users\tmj32\AppData\Local\Temp\ccip3XFL.s 			page 16


 707 02a0 0A       		.uleb128 0xa
 708 02a1 01       		.uleb128 0x1
 709 02a2 50       		.byte	0x50
 710 02a3 01       		.uleb128 0x1
 711 02a4 30       		.byte	0x30
 712 02a5 0A       		.uleb128 0xa
 713 02a6 01       		.uleb128 0x1
 714 02a7 51       		.byte	0x51
 715 02a8 01       		.uleb128 0x1
 716 02a9 30       		.byte	0x30
 717 02aa 00       		.byte	0
 718 02ab 09       		.uleb128 0x9
 719 02ac BA000000 		.4byte	.LVL28
 720 02b0 FE040000 		.4byte	0x4fe
 721 02b4 D4020000 		.4byte	0x2d4
 722 02b8 0A       		.uleb128 0xa
 723 02b9 01       		.uleb128 0x1
 724 02ba 50       		.byte	0x50
 725 02bb 02       		.uleb128 0x2
 726 02bc 7D       		.byte	0x7d
 727 02bd 00       		.sleb128 0
 728 02be 0A       		.uleb128 0xa
 729 02bf 01       		.uleb128 0x1
 730 02c0 51       		.byte	0x51
 731 02c1 05       		.uleb128 0x5
 732 02c2 03       		.byte	0x3
 733 02c3 0C000000 		.4byte	.LC1
 734 02c7 0A       		.uleb128 0xa
 735 02c8 01       		.uleb128 0x1
 736 02c9 52       		.byte	0x52
 737 02ca 02       		.uleb128 0x2
 738 02cb 75       		.byte	0x75
 739 02cc 00       		.sleb128 0
 740 02cd 0A       		.uleb128 0xa
 741 02ce 01       		.uleb128 0x1
 742 02cf 53       		.byte	0x53
 743 02d0 02       		.uleb128 0x2
 744 02d1 74       		.byte	0x74
 745 02d2 00       		.sleb128 0
 746 02d3 00       		.byte	0
 747 02d4 09       		.uleb128 0x9
 748 02d5 C0000000 		.4byte	.LVL29
 749 02d9 DD040000 		.4byte	0x4dd
 750 02dd E8020000 		.4byte	0x2e8
 751 02e1 0A       		.uleb128 0xa
 752 02e2 01       		.uleb128 0x1
 753 02e3 50       		.byte	0x50
 754 02e4 02       		.uleb128 0x2
 755 02e5 7D       		.byte	0x7d
 756 02e6 00       		.sleb128 0
 757 02e7 00       		.byte	0
 758 02e8 09       		.uleb128 0x9
 759 02e9 CC000000 		.4byte	.LVL30
 760 02ed 09050000 		.4byte	0x509
 761 02f1 00030000 		.4byte	0x300
 762 02f5 0A       		.uleb128 0xa
 763 02f6 01       		.uleb128 0x1
ARM GAS  C:\Users\tmj32\AppData\Local\Temp\ccip3XFL.s 			page 17


 764 02f7 50       		.byte	0x50
 765 02f8 01       		.uleb128 0x1
 766 02f9 30       		.byte	0x30
 767 02fa 0A       		.uleb128 0xa
 768 02fb 01       		.uleb128 0x1
 769 02fc 51       		.byte	0x51
 770 02fd 01       		.uleb128 0x1
 771 02fe 30       		.byte	0x30
 772 02ff 00       		.byte	0
 773 0300 09       		.uleb128 0x9
 774 0301 D4000000 		.4byte	.LVL31
 775 0305 14050000 		.4byte	0x514
 776 0309 19030000 		.4byte	0x319
 777 030d 0A       		.uleb128 0xa
 778 030e 01       		.uleb128 0x1
 779 030f 50       		.byte	0x50
 780 0310 02       		.uleb128 0x2
 781 0311 74       		.byte	0x74
 782 0312 00       		.sleb128 0
 783 0313 0A       		.uleb128 0xa
 784 0314 01       		.uleb128 0x1
 785 0315 51       		.byte	0x51
 786 0316 01       		.uleb128 0x1
 787 0317 30       		.byte	0x30
 788 0318 00       		.byte	0
 789 0319 09       		.uleb128 0x9
 790 031a EA000000 		.4byte	.LVL32
 791 031e 09050000 		.4byte	0x509
 792 0322 32030000 		.4byte	0x332
 793 0326 0A       		.uleb128 0xa
 794 0327 01       		.uleb128 0x1
 795 0328 50       		.byte	0x50
 796 0329 02       		.uleb128 0x2
 797 032a 76       		.byte	0x76
 798 032b 00       		.sleb128 0
 799 032c 0A       		.uleb128 0xa
 800 032d 01       		.uleb128 0x1
 801 032e 51       		.byte	0x51
 802 032f 01       		.uleb128 0x1
 803 0330 30       		.byte	0x30
 804 0331 00       		.byte	0
 805 0332 09       		.uleb128 0x9
 806 0333 FA000000 		.4byte	.LVL33
 807 0337 14050000 		.4byte	0x514
 808 033b 50030000 		.4byte	0x350
 809 033f 0A       		.uleb128 0xa
 810 0340 01       		.uleb128 0x1
 811 0341 50       		.byte	0x50
 812 0342 07       		.uleb128 0x7
 813 0343 74       		.byte	0x74
 814 0344 00       		.sleb128 0
 815 0345 76       		.byte	0x76
 816 0346 00       		.sleb128 0
 817 0347 31       		.byte	0x31
 818 0348 24       		.byte	0x24
 819 0349 1C       		.byte	0x1c
 820 034a 0A       		.uleb128 0xa
ARM GAS  C:\Users\tmj32\AppData\Local\Temp\ccip3XFL.s 			page 18


 821 034b 01       		.uleb128 0x1
 822 034c 51       		.byte	0x51
 823 034d 01       		.uleb128 0x1
 824 034e 30       		.byte	0x30
 825 034f 00       		.byte	0
 826 0350 09       		.uleb128 0x9
 827 0351 00010000 		.4byte	.LVL34
 828 0355 E8040000 		.4byte	0x4e8
 829 0359 64030000 		.4byte	0x364
 830 035d 0A       		.uleb128 0xa
 831 035e 01       		.uleb128 0x1
 832 035f 50       		.byte	0x50
 833 0360 02       		.uleb128 0x2
 834 0361 08       		.byte	0x8
 835 0362 32       		.byte	0x32
 836 0363 00       		.byte	0
 837 0364 08       		.uleb128 0x8
 838 0365 04010000 		.4byte	.LVL35
 839 0369 1F050000 		.4byte	0x51f
 840 036d 08       		.uleb128 0x8
 841 036e 0C010000 		.4byte	.LVL36
 842 0372 2A050000 		.4byte	0x52a
 843 0376 09       		.uleb128 0x9
 844 0377 20010000 		.4byte	.LVL37
 845 037b E8040000 		.4byte	0x4e8
 846 037f 8B030000 		.4byte	0x38b
 847 0383 0A       		.uleb128 0xa
 848 0384 01       		.uleb128 0x1
 849 0385 50       		.byte	0x50
 850 0386 03       		.uleb128 0x3
 851 0387 0A       		.byte	0xa
 852 0388 E803     		.2byte	0x3e8
 853 038a 00       		.byte	0
 854 038b 09       		.uleb128 0x9
 855 038c 2E010000 		.4byte	.LVL39
 856 0390 F3040000 		.4byte	0x4f3
 857 0394 9E030000 		.4byte	0x39e
 858 0398 0A       		.uleb128 0xa
 859 0399 01       		.uleb128 0x1
 860 039a 50       		.byte	0x50
 861 039b 01       		.uleb128 0x1
 862 039c 31       		.byte	0x31
 863 039d 00       		.byte	0
 864 039e 09       		.uleb128 0x9
 865 039f 3A010000 		.4byte	.LVL40
 866 03a3 FE040000 		.4byte	0x4fe
 867 03a7 C7030000 		.4byte	0x3c7
 868 03ab 0A       		.uleb128 0xa
 869 03ac 01       		.uleb128 0x1
 870 03ad 50       		.byte	0x50
 871 03ae 02       		.uleb128 0x2
 872 03af 7D       		.byte	0x7d
 873 03b0 00       		.sleb128 0
 874 03b1 0A       		.uleb128 0xa
 875 03b2 01       		.uleb128 0x1
 876 03b3 51       		.byte	0x51
 877 03b4 05       		.uleb128 0x5
ARM GAS  C:\Users\tmj32\AppData\Local\Temp\ccip3XFL.s 			page 19


 878 03b5 03       		.byte	0x3
 879 03b6 0C000000 		.4byte	.LC1
 880 03ba 0A       		.uleb128 0xa
 881 03bb 01       		.uleb128 0x1
 882 03bc 52       		.byte	0x52
 883 03bd 02       		.uleb128 0x2
 884 03be 75       		.byte	0x75
 885 03bf 00       		.sleb128 0
 886 03c0 0A       		.uleb128 0xa
 887 03c1 01       		.uleb128 0x1
 888 03c2 53       		.byte	0x53
 889 03c3 02       		.uleb128 0x2
 890 03c4 08       		.byte	0x8
 891 03c5 3B       		.byte	0x3b
 892 03c6 00       		.byte	0
 893 03c7 09       		.uleb128 0x9
 894 03c8 40010000 		.4byte	.LVL41
 895 03cc DD040000 		.4byte	0x4dd
 896 03d0 DB030000 		.4byte	0x3db
 897 03d4 0A       		.uleb128 0xa
 898 03d5 01       		.uleb128 0x1
 899 03d6 50       		.byte	0x50
 900 03d7 02       		.uleb128 0x2
 901 03d8 7D       		.byte	0x7d
 902 03d9 00       		.sleb128 0
 903 03da 00       		.byte	0
 904 03db 09       		.uleb128 0x9
 905 03dc 50010000 		.4byte	.LVL44
 906 03e0 F3040000 		.4byte	0x4f3
 907 03e4 EE030000 		.4byte	0x3ee
 908 03e8 0A       		.uleb128 0xa
 909 03e9 01       		.uleb128 0x1
 910 03ea 50       		.byte	0x50
 911 03eb 01       		.uleb128 0x1
 912 03ec 31       		.byte	0x31
 913 03ed 00       		.byte	0
 914 03ee 09       		.uleb128 0x9
 915 03ef 5C010000 		.4byte	.LVL45
 916 03f3 FE040000 		.4byte	0x4fe
 917 03f7 17040000 		.4byte	0x417
 918 03fb 0A       		.uleb128 0xa
 919 03fc 01       		.uleb128 0x1
 920 03fd 50       		.byte	0x50
 921 03fe 02       		.uleb128 0x2
 922 03ff 7D       		.byte	0x7d
 923 0400 00       		.sleb128 0
 924 0401 0A       		.uleb128 0xa
 925 0402 01       		.uleb128 0x1
 926 0403 51       		.byte	0x51
 927 0404 05       		.uleb128 0x5
 928 0405 03       		.byte	0x3
 929 0406 0C000000 		.4byte	.LC1
 930 040a 0A       		.uleb128 0xa
 931 040b 01       		.uleb128 0x1
 932 040c 52       		.byte	0x52
 933 040d 02       		.uleb128 0x2
 934 040e 75       		.byte	0x75
ARM GAS  C:\Users\tmj32\AppData\Local\Temp\ccip3XFL.s 			page 20


 935 040f 00       		.sleb128 0
 936 0410 0A       		.uleb128 0xa
 937 0411 01       		.uleb128 0x1
 938 0412 53       		.byte	0x53
 939 0413 02       		.uleb128 0x2
 940 0414 74       		.byte	0x74
 941 0415 00       		.sleb128 0
 942 0416 00       		.byte	0
 943 0417 09       		.uleb128 0x9
 944 0418 62010000 		.4byte	.LVL46
 945 041c DD040000 		.4byte	0x4dd
 946 0420 2B040000 		.4byte	0x42b
 947 0424 0A       		.uleb128 0xa
 948 0425 01       		.uleb128 0x1
 949 0426 50       		.byte	0x50
 950 0427 02       		.uleb128 0x2
 951 0428 7D       		.byte	0x7d
 952 0429 00       		.sleb128 0
 953 042a 00       		.byte	0
 954 042b 09       		.uleb128 0x9
 955 042c 6E010000 		.4byte	.LVL47
 956 0430 09050000 		.4byte	0x509
 957 0434 43040000 		.4byte	0x443
 958 0438 0A       		.uleb128 0xa
 959 0439 01       		.uleb128 0x1
 960 043a 50       		.byte	0x50
 961 043b 01       		.uleb128 0x1
 962 043c 30       		.byte	0x30
 963 043d 0A       		.uleb128 0xa
 964 043e 01       		.uleb128 0x1
 965 043f 51       		.byte	0x51
 966 0440 01       		.uleb128 0x1
 967 0441 30       		.byte	0x30
 968 0442 00       		.byte	0
 969 0443 09       		.uleb128 0x9
 970 0444 76010000 		.4byte	.LVL48
 971 0448 14050000 		.4byte	0x514
 972 044c 5C040000 		.4byte	0x45c
 973 0450 0A       		.uleb128 0xa
 974 0451 01       		.uleb128 0x1
 975 0452 50       		.byte	0x50
 976 0453 02       		.uleb128 0x2
 977 0454 74       		.byte	0x74
 978 0455 00       		.sleb128 0
 979 0456 0A       		.uleb128 0xa
 980 0457 01       		.uleb128 0x1
 981 0458 51       		.byte	0x51
 982 0459 01       		.uleb128 0x1
 983 045a 30       		.byte	0x30
 984 045b 00       		.byte	0
 985 045c 09       		.uleb128 0x9
 986 045d 8C010000 		.4byte	.LVL49
 987 0461 09050000 		.4byte	0x509
 988 0465 75040000 		.4byte	0x475
 989 0469 0A       		.uleb128 0xa
 990 046a 01       		.uleb128 0x1
 991 046b 50       		.byte	0x50
ARM GAS  C:\Users\tmj32\AppData\Local\Temp\ccip3XFL.s 			page 21


 992 046c 02       		.uleb128 0x2
 993 046d 76       		.byte	0x76
 994 046e 00       		.sleb128 0
 995 046f 0A       		.uleb128 0xa
 996 0470 01       		.uleb128 0x1
 997 0471 51       		.byte	0x51
 998 0472 01       		.uleb128 0x1
 999 0473 30       		.byte	0x30
 1000 0474 00       		.byte	0
 1001 0475 0B       		.uleb128 0xb
 1002 0476 9C010000 		.4byte	.LVL50
 1003 047a 14050000 		.4byte	0x514
 1004 047e 0A       		.uleb128 0xa
 1005 047f 01       		.uleb128 0x1
 1006 0480 50       		.byte	0x50
 1007 0481 07       		.uleb128 0x7
 1008 0482 74       		.byte	0x74
 1009 0483 00       		.sleb128 0
 1010 0484 76       		.byte	0x76
 1011 0485 00       		.sleb128 0
 1012 0486 31       		.byte	0x31
 1013 0487 24       		.byte	0x24
 1014 0488 1C       		.byte	0x1c
 1015 0489 0A       		.uleb128 0xa
 1016 048a 01       		.uleb128 0x1
 1017 048b 51       		.byte	0x51
 1018 048c 01       		.uleb128 0x1
 1019 048d 30       		.byte	0x30
 1020 048e 00       		.byte	0
 1021 048f 00       		.byte	0
 1022 0490 0C       		.uleb128 0xc
 1023 0491 8F000000 		.4byte	0x8f
 1024 0495 A0040000 		.4byte	0x4a0
 1025 0499 0D       		.uleb128 0xd
 1026 049a 96000000 		.4byte	0x96
 1027 049e 0E       		.byte	0xe
 1028 049f 00       		.byte	0
 1029 04a0 0E       		.uleb128 0xe
 1030 04a1 80010000 		.4byte	.LASF35
 1031 04a5 0B       		.byte	0xb
 1032 04a6 1207     		.2byte	0x712
 1033 04a8 AC040000 		.4byte	0x4ac
 1034 04ac 0F       		.uleb128 0xf
 1035 04ad 76000000 		.4byte	0x76
 1036 04b1 10       		.uleb128 0x10
 1037 04b2 B5000000 		.4byte	.LASF19
 1038 04b6 B5000000 		.4byte	.LASF19
 1039 04ba 04       		.byte	0x4
 1040 04bb 38       		.byte	0x38
 1041 04bc 10       		.uleb128 0x10
 1042 04bd 4D020000 		.4byte	.LASF20
 1043 04c1 4D020000 		.4byte	.LASF20
 1044 04c5 05       		.byte	0x5
 1045 04c6 57       		.byte	0x57
 1046 04c7 10       		.uleb128 0x10
 1047 04c8 5A020000 		.4byte	.LASF21
 1048 04cc 5A020000 		.4byte	.LASF21
ARM GAS  C:\Users\tmj32\AppData\Local\Temp\ccip3XFL.s 			page 22


 1049 04d0 06       		.byte	0x6
 1050 04d1 57       		.byte	0x57
 1051 04d2 10       		.uleb128 0x10
 1052 04d3 D2010000 		.4byte	.LASF22
 1053 04d7 D2010000 		.4byte	.LASF22
 1054 04db 04       		.byte	0x4
 1055 04dc 3D       		.byte	0x3d
 1056 04dd 10       		.uleb128 0x10
 1057 04de 99010000 		.4byte	.LASF23
 1058 04e2 99010000 		.4byte	.LASF23
 1059 04e6 04       		.byte	0x4
 1060 04e7 3C       		.byte	0x3c
 1061 04e8 10       		.uleb128 0x10
 1062 04e9 68020000 		.4byte	.LASF24
 1063 04ed 68020000 		.4byte	.LASF24
 1064 04f1 07       		.byte	0x7
 1065 04f2 76       		.byte	0x76
 1066 04f3 10       		.uleb128 0x10
 1067 04f4 09000000 		.4byte	.LASF25
 1068 04f8 09000000 		.4byte	.LASF25
 1069 04fc 04       		.byte	0x4
 1070 04fd 3A       		.byte	0x3a
 1071 04fe 10       		.uleb128 0x10
 1072 04ff DF010000 		.4byte	.LASF26
 1073 0503 DF010000 		.4byte	.LASF26
 1074 0507 08       		.byte	0x8
 1075 0508 E7       		.byte	0xe7
 1076 0509 10       		.uleb128 0x10
 1077 050a 2C000000 		.4byte	.LASF27
 1078 050e 2C000000 		.4byte	.LASF27
 1079 0512 05       		.byte	0x5
 1080 0513 69       		.byte	0x69
 1081 0514 10       		.uleb128 0x10
 1082 0515 95000000 		.4byte	.LASF28
 1083 0519 95000000 		.4byte	.LASF28
 1084 051d 06       		.byte	0x6
 1085 051e 69       		.byte	0x69
 1086 051f 10       		.uleb128 0x10
 1087 0520 E7010000 		.4byte	.LASF29
 1088 0524 E7010000 		.4byte	.LASF29
 1089 0528 09       		.byte	0x9
 1090 0529 29       		.byte	0x29
 1091 052a 10       		.uleb128 0x10
 1092 052b 00000000 		.4byte	.LASF30
 1093 052f 00000000 		.4byte	.LASF30
 1094 0533 0A       		.byte	0xa
 1095 0534 29       		.byte	0x29
 1096 0535 00       		.byte	0
 1097              		.section	.debug_abbrev,"",%progbits
 1098              	.Ldebug_abbrev0:
 1099 0000 01       		.uleb128 0x1
 1100 0001 11       		.uleb128 0x11
 1101 0002 01       		.byte	0x1
 1102 0003 25       		.uleb128 0x25
 1103 0004 0E       		.uleb128 0xe
 1104 0005 13       		.uleb128 0x13
 1105 0006 0B       		.uleb128 0xb
ARM GAS  C:\Users\tmj32\AppData\Local\Temp\ccip3XFL.s 			page 23


 1106 0007 03       		.uleb128 0x3
 1107 0008 0E       		.uleb128 0xe
 1108 0009 1B       		.uleb128 0x1b
 1109 000a 0E       		.uleb128 0xe
 1110 000b 55       		.uleb128 0x55
 1111 000c 17       		.uleb128 0x17
 1112 000d 11       		.uleb128 0x11
 1113 000e 01       		.uleb128 0x1
 1114 000f 10       		.uleb128 0x10
 1115 0010 17       		.uleb128 0x17
 1116 0011 00       		.byte	0
 1117 0012 00       		.byte	0
 1118 0013 02       		.uleb128 0x2
 1119 0014 24       		.uleb128 0x24
 1120 0015 00       		.byte	0
 1121 0016 0B       		.uleb128 0xb
 1122 0017 0B       		.uleb128 0xb
 1123 0018 3E       		.uleb128 0x3e
 1124 0019 0B       		.uleb128 0xb
 1125 001a 03       		.uleb128 0x3
 1126 001b 0E       		.uleb128 0xe
 1127 001c 00       		.byte	0
 1128 001d 00       		.byte	0
 1129 001e 03       		.uleb128 0x3
 1130 001f 16       		.uleb128 0x16
 1131 0020 00       		.byte	0
 1132 0021 03       		.uleb128 0x3
 1133 0022 0E       		.uleb128 0xe
 1134 0023 3A       		.uleb128 0x3a
 1135 0024 0B       		.uleb128 0xb
 1136 0025 3B       		.uleb128 0x3b
 1137 0026 0B       		.uleb128 0xb
 1138 0027 49       		.uleb128 0x49
 1139 0028 13       		.uleb128 0x13
 1140 0029 00       		.byte	0
 1141 002a 00       		.byte	0
 1142 002b 04       		.uleb128 0x4
 1143 002c 24       		.uleb128 0x24
 1144 002d 00       		.byte	0
 1145 002e 0B       		.uleb128 0xb
 1146 002f 0B       		.uleb128 0xb
 1147 0030 3E       		.uleb128 0x3e
 1148 0031 0B       		.uleb128 0xb
 1149 0032 03       		.uleb128 0x3
 1150 0033 08       		.uleb128 0x8
 1151 0034 00       		.byte	0
 1152 0035 00       		.byte	0
 1153 0036 05       		.uleb128 0x5
 1154 0037 2E       		.uleb128 0x2e
 1155 0038 01       		.byte	0x1
 1156 0039 3F       		.uleb128 0x3f
 1157 003a 19       		.uleb128 0x19
 1158 003b 03       		.uleb128 0x3
 1159 003c 0E       		.uleb128 0xe
 1160 003d 3A       		.uleb128 0x3a
 1161 003e 0B       		.uleb128 0xb
 1162 003f 3B       		.uleb128 0x3b
ARM GAS  C:\Users\tmj32\AppData\Local\Temp\ccip3XFL.s 			page 24


 1163 0040 0B       		.uleb128 0xb
 1164 0041 27       		.uleb128 0x27
 1165 0042 19       		.uleb128 0x19
 1166 0043 49       		.uleb128 0x49
 1167 0044 13       		.uleb128 0x13
 1168 0045 8701     		.uleb128 0x87
 1169 0047 19       		.uleb128 0x19
 1170 0048 11       		.uleb128 0x11
 1171 0049 01       		.uleb128 0x1
 1172 004a 12       		.uleb128 0x12
 1173 004b 06       		.uleb128 0x6
 1174 004c 40       		.uleb128 0x40
 1175 004d 18       		.uleb128 0x18
 1176 004e 9742     		.uleb128 0x2117
 1177 0050 19       		.uleb128 0x19
 1178 0051 01       		.uleb128 0x1
 1179 0052 13       		.uleb128 0x13
 1180 0053 00       		.byte	0
 1181 0054 00       		.byte	0
 1182 0055 06       		.uleb128 0x6
 1183 0056 34       		.uleb128 0x34
 1184 0057 00       		.byte	0
 1185 0058 03       		.uleb128 0x3
 1186 0059 0E       		.uleb128 0xe
 1187 005a 3A       		.uleb128 0x3a
 1188 005b 0B       		.uleb128 0xb
 1189 005c 3B       		.uleb128 0x3b
 1190 005d 0B       		.uleb128 0xb
 1191 005e 49       		.uleb128 0x49
 1192 005f 13       		.uleb128 0x13
 1193 0060 02       		.uleb128 0x2
 1194 0061 17       		.uleb128 0x17
 1195 0062 00       		.byte	0
 1196 0063 00       		.byte	0
 1197 0064 07       		.uleb128 0x7
 1198 0065 34       		.uleb128 0x34
 1199 0066 00       		.byte	0
 1200 0067 03       		.uleb128 0x3
 1201 0068 0E       		.uleb128 0xe
 1202 0069 3A       		.uleb128 0x3a
 1203 006a 0B       		.uleb128 0xb
 1204 006b 3B       		.uleb128 0x3b
 1205 006c 0B       		.uleb128 0xb
 1206 006d 49       		.uleb128 0x49
 1207 006e 13       		.uleb128 0x13
 1208 006f 02       		.uleb128 0x2
 1209 0070 18       		.uleb128 0x18
 1210 0071 00       		.byte	0
 1211 0072 00       		.byte	0
 1212 0073 08       		.uleb128 0x8
 1213 0074 898201   		.uleb128 0x4109
 1214 0077 00       		.byte	0
 1215 0078 11       		.uleb128 0x11
 1216 0079 01       		.uleb128 0x1
 1217 007a 31       		.uleb128 0x31
 1218 007b 13       		.uleb128 0x13
 1219 007c 00       		.byte	0
ARM GAS  C:\Users\tmj32\AppData\Local\Temp\ccip3XFL.s 			page 25


 1220 007d 00       		.byte	0
 1221 007e 09       		.uleb128 0x9
 1222 007f 898201   		.uleb128 0x4109
 1223 0082 01       		.byte	0x1
 1224 0083 11       		.uleb128 0x11
 1225 0084 01       		.uleb128 0x1
 1226 0085 31       		.uleb128 0x31
 1227 0086 13       		.uleb128 0x13
 1228 0087 01       		.uleb128 0x1
 1229 0088 13       		.uleb128 0x13
 1230 0089 00       		.byte	0
 1231 008a 00       		.byte	0
 1232 008b 0A       		.uleb128 0xa
 1233 008c 8A8201   		.uleb128 0x410a
 1234 008f 00       		.byte	0
 1235 0090 02       		.uleb128 0x2
 1236 0091 18       		.uleb128 0x18
 1237 0092 9142     		.uleb128 0x2111
 1238 0094 18       		.uleb128 0x18
 1239 0095 00       		.byte	0
 1240 0096 00       		.byte	0
 1241 0097 0B       		.uleb128 0xb
 1242 0098 898201   		.uleb128 0x4109
 1243 009b 01       		.byte	0x1
 1244 009c 11       		.uleb128 0x11
 1245 009d 01       		.uleb128 0x1
 1246 009e 31       		.uleb128 0x31
 1247 009f 13       		.uleb128 0x13
 1248 00a0 00       		.byte	0
 1249 00a1 00       		.byte	0
 1250 00a2 0C       		.uleb128 0xc
 1251 00a3 01       		.uleb128 0x1
 1252 00a4 01       		.byte	0x1
 1253 00a5 49       		.uleb128 0x49
 1254 00a6 13       		.uleb128 0x13
 1255 00a7 01       		.uleb128 0x1
 1256 00a8 13       		.uleb128 0x13
 1257 00a9 00       		.byte	0
 1258 00aa 00       		.byte	0
 1259 00ab 0D       		.uleb128 0xd
 1260 00ac 21       		.uleb128 0x21
 1261 00ad 00       		.byte	0
 1262 00ae 49       		.uleb128 0x49
 1263 00af 13       		.uleb128 0x13
 1264 00b0 2F       		.uleb128 0x2f
 1265 00b1 0B       		.uleb128 0xb
 1266 00b2 00       		.byte	0
 1267 00b3 00       		.byte	0
 1268 00b4 0E       		.uleb128 0xe
 1269 00b5 34       		.uleb128 0x34
 1270 00b6 00       		.byte	0
 1271 00b7 03       		.uleb128 0x3
 1272 00b8 0E       		.uleb128 0xe
 1273 00b9 3A       		.uleb128 0x3a
 1274 00ba 0B       		.uleb128 0xb
 1275 00bb 3B       		.uleb128 0x3b
 1276 00bc 05       		.uleb128 0x5
ARM GAS  C:\Users\tmj32\AppData\Local\Temp\ccip3XFL.s 			page 26


 1277 00bd 49       		.uleb128 0x49
 1278 00be 13       		.uleb128 0x13
 1279 00bf 3F       		.uleb128 0x3f
 1280 00c0 19       		.uleb128 0x19
 1281 00c1 3C       		.uleb128 0x3c
 1282 00c2 19       		.uleb128 0x19
 1283 00c3 00       		.byte	0
 1284 00c4 00       		.byte	0
 1285 00c5 0F       		.uleb128 0xf
 1286 00c6 35       		.uleb128 0x35
 1287 00c7 00       		.byte	0
 1288 00c8 49       		.uleb128 0x49
 1289 00c9 13       		.uleb128 0x13
 1290 00ca 00       		.byte	0
 1291 00cb 00       		.byte	0
 1292 00cc 10       		.uleb128 0x10
 1293 00cd 2E       		.uleb128 0x2e
 1294 00ce 00       		.byte	0
 1295 00cf 3F       		.uleb128 0x3f
 1296 00d0 19       		.uleb128 0x19
 1297 00d1 3C       		.uleb128 0x3c
 1298 00d2 19       		.uleb128 0x19
 1299 00d3 6E       		.uleb128 0x6e
 1300 00d4 0E       		.uleb128 0xe
 1301 00d5 03       		.uleb128 0x3
 1302 00d6 0E       		.uleb128 0xe
 1303 00d7 3A       		.uleb128 0x3a
 1304 00d8 0B       		.uleb128 0xb
 1305 00d9 3B       		.uleb128 0x3b
 1306 00da 0B       		.uleb128 0xb
 1307 00db 00       		.byte	0
 1308 00dc 00       		.byte	0
 1309 00dd 00       		.byte	0
 1310              		.section	.debug_loc,"",%progbits
 1311              	.Ldebug_loc0:
 1312              	.LLST0:
 1313 0000 28000000 		.4byte	.LVL5
 1314 0004 5C000000 		.4byte	.LVL12
 1315 0008 0200     		.2byte	0x2
 1316 000a 30       		.byte	0x30
 1317 000b 9F       		.byte	0x9f
 1318 000c 5C000000 		.4byte	.LVL12
 1319 0010 AC010000 		.4byte	.LFE64
 1320 0014 0100     		.2byte	0x1
 1321 0016 55       		.byte	0x55
 1322 0017 00000000 		.4byte	0
 1323 001b 00000000 		.4byte	0
 1324              	.LLST1:
 1325 001f 28000000 		.4byte	.LVL5
 1326 0023 5C000000 		.4byte	.LVL12
 1327 0027 0200     		.2byte	0x2
 1328 0029 30       		.byte	0x30
 1329 002a 9F       		.byte	0x9f
 1330 002b 5C000000 		.4byte	.LVL12
 1331 002f A8000000 		.4byte	.LVL24
 1332 0033 0100     		.2byte	0x1
 1333 0035 54       		.byte	0x54
ARM GAS  C:\Users\tmj32\AppData\Local\Temp\ccip3XFL.s 			page 27


 1334 0036 A8000000 		.4byte	.LVL24
 1335 003a AC000000 		.4byte	.LVL26
 1336 003e 0200     		.2byte	0x2
 1337 0040 30       		.byte	0x30
 1338 0041 9F       		.byte	0x9f
 1339 0042 AC000000 		.4byte	.LVL26
 1340 0046 28010000 		.4byte	.LVL38
 1341 004a 0100     		.2byte	0x1
 1342 004c 54       		.byte	0x54
 1343 004d 28010000 		.4byte	.LVL38
 1344 0051 44010000 		.4byte	.LVL42
 1345 0055 0300     		.2byte	0x3
 1346 0057 08       		.byte	0x8
 1347 0058 3B       		.byte	0x3b
 1348 0059 9F       		.byte	0x9f
 1349 005a 44010000 		.4byte	.LVL42
 1350 005e AC010000 		.4byte	.LFE64
 1351 0062 0100     		.2byte	0x1
 1352 0064 54       		.byte	0x54
 1353 0065 00000000 		.4byte	0
 1354 0069 00000000 		.4byte	0
 1355              		.section	.debug_aranges,"",%progbits
 1356 0000 1C000000 		.4byte	0x1c
 1357 0004 0200     		.2byte	0x2
 1358 0006 00000000 		.4byte	.Ldebug_info0
 1359 000a 04       		.byte	0x4
 1360 000b 00       		.byte	0
 1361 000c 0000     		.2byte	0
 1362 000e 0000     		.2byte	0
 1363 0010 00000000 		.4byte	.LFB64
 1364 0014 AC010000 		.4byte	.LFE64-.LFB64
 1365 0018 00000000 		.4byte	0
 1366 001c 00000000 		.4byte	0
 1367              		.section	.debug_ranges,"",%progbits
 1368              	.Ldebug_ranges0:
 1369 0000 00000000 		.4byte	.LFB64
 1370 0004 AC010000 		.4byte	.LFE64
 1371 0008 00000000 		.4byte	0
 1372 000c 00000000 		.4byte	0
 1373              		.section	.debug_line,"",%progbits
 1374              	.Ldebug_line0:
 1375 0000 55020000 		.section	.debug_str,"MS",%progbits,1
 1375      0200F001 
 1375      00000201 
 1375      FB0E0D00 
 1375      01010101 
 1376              	.LASF30:
 1377 0000 5357325F 		.ascii	"SW2_Read\000"
 1377      52656164 
 1377      00
 1378              	.LASF25:
 1379 0009 4C43445F 		.ascii	"LCD_WriteControl\000"
 1379      57726974 
 1379      65436F6E 
 1379      74726F6C 
 1379      00
 1380              	.LASF9:
ARM GAS  C:\Users\tmj32\AppData\Local\Temp\ccip3XFL.s 			page 28


 1381 001a 5F5F696E 		.ascii	"__int32_t\000"
 1381      7433325F 
 1381      7400
 1382              	.LASF16:
 1383 0024 6D696E75 		.ascii	"minutes\000"
 1383      74657300 
 1384              	.LASF27:
 1385 002c 44726976 		.ascii	"Driver_Write7SegDigitDec\000"
 1385      65725F57 
 1385      72697465 
 1385      37536567 
 1385      44696769 
 1386              	.LASF33:
 1387 0045 433A5C55 		.ascii	"C:\\Users\\tmj32\\Documents\\TCNJ\\Current Sem5\\Fi"
 1387      73657273 
 1387      5C746D6A 
 1387      33325C44 
 1387      6F63756D 
 1388 0072 6E616C70 		.ascii	"nalproj\\Workspace01\\Design01.cydsn\000"
 1388      726F6A5C 
 1388      576F726B 
 1388      73706163 
 1388      6530315C 
 1389              	.LASF28:
 1390 0095 44726976 		.ascii	"Driver1_Write7SegDigitDec\000"
 1390      6572315F 
 1390      57726974 
 1390      65375365 
 1390      67446967 
 1391              	.LASF11:
 1392 00af 666C6F61 		.ascii	"float\000"
 1392      7400
 1393              	.LASF19:
 1394 00b5 4C43445F 		.ascii	"LCD_Start\000"
 1394      53746172 
 1394      7400
 1395              	.LASF1:
 1396 00bf 756E7369 		.ascii	"unsigned char\000"
 1396      676E6564 
 1396      20636861 
 1396      7200
 1397              	.LASF31:
 1398 00cd 474E5520 		.ascii	"GNU C11 5.4.1 20160609 (release) [ARM/embedded-5-br"
 1398      43313120 
 1398      352E342E 
 1398      31203230 
 1398      31363036 
 1399 0100 616E6368 		.ascii	"anch revision 237715] -mcpu=cortex-m3 -mthumb -g -O"
 1399      20726576 
 1399      6973696F 
 1399      6E203233 
 1399      37373135 
 1400 0133 67202D66 		.ascii	"g -ffunction-sections -ffat-lto-objects\000"
 1400      66756E63 
 1400      74696F6E 
 1400      2D736563 
 1400      74696F6E 
ARM GAS  C:\Users\tmj32\AppData\Local\Temp\ccip3XFL.s 			page 29


 1401              	.LASF5:
 1402 015b 6C6F6E67 		.ascii	"long unsigned int\000"
 1402      20756E73 
 1402      69676E65 
 1402      6420696E 
 1402      7400
 1403              	.LASF3:
 1404 016d 73686F72 		.ascii	"short unsigned int\000"
 1404      7420756E 
 1404      7369676E 
 1404      65642069 
 1404      6E7400
 1405              	.LASF35:
 1406 0180 49544D5F 		.ascii	"ITM_RxBuffer\000"
 1406      52784275 
 1406      66666572 
 1406      00
 1407              	.LASF12:
 1408 018d 646F7562 		.ascii	"double\000"
 1408      6C6500
 1409              	.LASF18:
 1410 0194 73747231 		.ascii	"str1\000"
 1410      00
 1411              	.LASF23:
 1412 0199 4C43445F 		.ascii	"LCD_PrintString\000"
 1412      5072696E 
 1412      74537472 
 1412      696E6700 
 1413              	.LASF34:
 1414 01a9 6D61696E 		.ascii	"main\000"
 1414      00
 1415              	.LASF8:
 1416 01ae 756E7369 		.ascii	"unsigned int\000"
 1416      676E6564 
 1416      20696E74 
 1416      00
 1417              	.LASF7:
 1418 01bb 6C6F6E67 		.ascii	"long long unsigned int\000"
 1418      206C6F6E 
 1418      6720756E 
 1418      7369676E 
 1418      65642069 
 1419              	.LASF22:
 1420 01d2 4C43445F 		.ascii	"LCD_Position\000"
 1420      506F7369 
 1420      74696F6E 
 1420      00
 1421              	.LASF26:
 1422 01df 73707269 		.ascii	"sprintf\000"
 1422      6E746600 
 1423              	.LASF29:
 1424 01e7 53575F52 		.ascii	"SW_Read\000"
 1424      65616400 
 1425              	.LASF10:
 1426 01ef 696E7433 		.ascii	"int32_t\000"
 1426      325F7400 
 1427              	.LASF14:
ARM GAS  C:\Users\tmj32\AppData\Local\Temp\ccip3XFL.s 			page 30


 1428 01f7 73697A65 		.ascii	"sizetype\000"
 1428      74797065 
 1428      00
 1429              	.LASF6:
 1430 0200 6C6F6E67 		.ascii	"long long int\000"
 1430      206C6F6E 
 1430      6720696E 
 1430      7400
 1431              	.LASF17:
 1432 020e 7365636F 		.ascii	"seconds\000"
 1432      6E647300 
 1433              	.LASF32:
 1434 0216 6D61696E 		.ascii	"main.c\000"
 1434      2E6300
 1435              	.LASF13:
 1436 021d 63686172 		.ascii	"char\000"
 1436      00
 1437              	.LASF2:
 1438 0222 73686F72 		.ascii	"short int\000"
 1438      7420696E 
 1438      7400
 1439              	.LASF4:
 1440 022c 6C6F6E67 		.ascii	"long int\000"
 1440      20696E74 
 1440      00
 1441              	.LASF15:
 1442 0235 6C6F6E67 		.ascii	"long double\000"
 1442      20646F75 
 1442      626C6500 
 1443              	.LASF0:
 1444 0241 7369676E 		.ascii	"signed char\000"
 1444      65642063 
 1444      68617200 
 1445              	.LASF20:
 1446 024d 44726976 		.ascii	"Driver_Start\000"
 1446      65725F53 
 1446      74617274 
 1446      00
 1447              	.LASF21:
 1448 025a 44726976 		.ascii	"Driver1_Start\000"
 1448      6572315F 
 1448      53746172 
 1448      7400
 1449              	.LASF24:
 1450 0268 43794465 		.ascii	"CyDelay\000"
 1450      6C617900 
 1451              		.ident	"GCC: (GNU Tools for ARM Embedded Processors) 5.4.1 20160609 (release) [ARM/embedded-5-bran
